2025-08-28 00:36:28,602 [ERROR] AdobePublisher:162 - Exception while opening the connection: java.net.UnknownHostException: stmicroelectronics.d3.sc.omtrdc.net
2025-08-28 00:36:28,608 [ERROR] AdobePublisher:162 - Exception while opening the connection: java.net.UnknownHostException: stmicroelectronics.d3.sc.omtrdc.net
2025-08-28 00:36:28,608 [ERROR] AdobePublisher:162 - Exception while opening the connection: java.net.UnknownHostException: stmicroelectronics.d3.sc.omtrdc.net
2025-08-28 00:36:28,608 [ERROR] AdobePublisher:162 - Exception while opening the connection: java.net.UnknownHostException: stmicroelectronics.d3.sc.omtrdc.net
2025-08-28 00:36:28,608 [ERROR] AdobePublisher:162 - Exception while opening the connection: java.net.UnknownHostException: stmicroelectronics.d3.sc.omtrdc.net
2025-08-28 00:37:50,408 [ERROR] AdobePublisher:162 - Exception while opening the connection: java.net.UnknownHostException: stmicroelectronics.d3.sc.omtrdc.net
2025-08-28 00:37:50,408 [ERROR] AdobePublisher:162 - Exception while opening the connection: java.net.UnknownHostException: stmicroelectronics.d3.sc.omtrdc.net
2025-08-28 00:37:50,408 [ERROR] AdobePublisher:162 - Exception while opening the connection: java.net.UnknownHostException: stmicroelectronics.d3.sc.omtrdc.net
2025-08-28 00:37:50,408 [ERROR] AdobePublisher:162 - Exception while opening the connection: java.net.UnknownHostException: stmicroelectronics.d3.sc.omtrdc.net
2025-08-28 00:37:50,408 [ERROR] AdobePublisher:162 - Exception while opening the connection: java.net.UnknownHostException: stmicroelectronics.d3.sc.omtrdc.net
2025-08-28 00:40:50,710 [ERROR] AdobePublisher:162 - Exception while opening the connection: java.net.UnknownHostException: stmicroelectronics.d3.sc.omtrdc.net
2025-08-28 00:40:50,710 [ERROR] AdobePublisher:162 - Exception while opening the connection: java.net.UnknownHostException: stmicroelectronics.d3.sc.omtrdc.net
2025-08-28 00:40:50,711 [ERROR] AdobePublisher:162 - Exception while opening the connection: java.net.UnknownHostException: stmicroelectronics.d3.sc.omtrdc.net
2025-08-28 00:40:50,711 [ERROR] AdobePublisher:162 - Exception while opening the connection: java.net.UnknownHostException: stmicroelectronics.d3.sc.omtrdc.net
2025-08-28 00:40:50,711 [ERROR] AdobePublisher:162 - Exception while opening the connection: java.net.UnknownHostException: stmicroelectronics.d3.sc.omtrdc.net
2025-08-28 00:40:50,712 [ERROR] AdobePublisher:162 - Exception while opening the connection: java.net.UnknownHostException: stmicroelectronics.d3.sc.omtrdc.net
2025-08-28 00:40:50,712 [ERROR] AdobePublisher:162 - Exception while opening the connection: java.net.UnknownHostException: stmicroelectronics.d3.sc.omtrdc.net
2025-08-28 00:40:50,712 [ERROR] AdobePublisher:162 - Exception while opening the connection: java.net.UnknownHostException: stmicroelectronics.d3.sc.omtrdc.net
2025-08-28 00:40:50,712 [ERROR] AdobePublisher:162 - Exception while opening the connection: java.net.UnknownHostException: stmicroelectronics.d3.sc.omtrdc.net
2025-08-28 00:40:50,712 [ERROR] AdobePublisher:162 - Exception while opening the connection: java.net.UnknownHostException: stmicroelectronics.d3.sc.omtrdc.net
2025-08-28 00:40:52,130 [ERROR] LogOutputStream:75 - [STDERR_REDIRECT] 
2025-08-28 00:41:04,154 [INFO] Activator:176 - 


2025-08-28 00:41:04,155 [INFO] Activator:177 - !SESSION log4j initialized
2025-08-28 00:41:09,342 [INFO] LogOutputStream:77 - [STDOUT_REDIRECT] 
2025-08-28 00:41:10,275 [INFO] ApplicationProperties:184 - Using Application install path: C:\ST\STM32CubeIDE_1.19.0\STM32CubeIDE\plugins\com.st.stm32cube.common.mx_6.15.0.202507011659
2025-08-28 00:41:10,287 [INFO] DbMcusXml:78 - Set database path to: C:\ST\STM32CubeIDE_1.19.0\STM32CubeIDE\plugins\com.st.stm32cube.common.mx_6.15.0.202507011659\\db\/mcu/
2025-08-28 00:41:10,289 [INFO] ApiDb:274 - Set plugin database path to: C:\ST\STM32CubeIDE_1.19.0\STM32CubeIDE\plugins\com.st.stm32cube.common.mx_6.15.0.202507011659\\db\/plugins/boardmanager/
2025-08-28 00:41:10,289 [WARN] ApiDb:259 - Overriding images path with different value:  => C:\ST\STM32CubeIDE_1.19.0\STM32CubeIDE\plugins\com.st.stm32cube.common.mx_6.15.0.202507011659\\db\/plugins/mcufinder/images/
2025-08-28 00:41:10,294 [INFO] ApiDb:250 - Set database path to: C:\Users\vivek\.stmcufinder\plugins\mcufinder//mcu/
2025-08-28 00:41:10,295 [INFO] DbMcusAds:125 - Set database path to: C:\Users\vivek\.stmcufinder\plugins\mcufinder//mcu/
2025-08-28 00:41:10,298 [INFO] CrossReferenceDbSqlite:203 - Set database path to: C:\Users\vivek\.stmcufinder\plugins\mcufinder//mcu/cs/
2025-08-28 00:41:10,385 [INFO] RulesReader:64 - Compatibility file has been processed (317 Rules)
2025-08-28 00:41:10,481 [INFO] DbMcusXml:78 - Set database path to: C:\ST\STM32CubeIDE_1.19.0\STM32CubeIDE\plugins\com.st.stm32cube.common.mx_6.15.0.202507011659\\db\/mcu/
2025-08-28 00:41:10,481 [INFO] ApiDb:274 - Set plugin database path to: C:\ST\STM32CubeIDE_1.19.0\STM32CubeIDE\plugins\com.st.stm32cube.common.mx_6.15.0.202507011659\\db\/plugins/boardmanager/
2025-08-28 00:41:10,481 [INFO] ApiDb:261 - Set plugin images path to: C:\ST\STM32CubeIDE_1.19.0\STM32CubeIDE\plugins\com.st.stm32cube.common.mx_6.15.0.202507011659\\db\/plugins/mcufinder/images/
2025-08-28 00:41:10,481 [WARN] DbFile:41 - Overriding database path with different value: C:\Users\vivek\.stmcufinder\plugins\mcufinder/ => C:\Users\vivek\.stmcufinder\plugins\mcufinder
2025-08-28 00:41:10,481 [INFO] ApiDb:250 - Set database path to: C:\Users\vivek\.stmcufinder\plugins\mcufinder//mcu/
2025-08-28 00:41:10,481 [WARN] DbFile:41 - Overriding database path with different value: C:\Users\vivek\.stmcufinder\plugins\mcufinder/ => C:\Users\vivek\.stmcufinder\plugins\mcufinder
2025-08-28 00:41:10,481 [INFO] DbMcusAds:125 - Set database path to: C:\Users\vivek\.stmcufinder\plugins\mcufinder//mcu/
2025-08-28 00:41:10,481 [WARN] DbFile:41 - Overriding database path with different value: C:\Users\vivek\.stmcufinder\plugins\mcufinder/ => C:\Users\vivek\.stmcufinder\plugins\mcufinder
2025-08-28 00:41:10,481 [WARN] DbFile:41 - Overriding database path with different value: C:\Users\vivek\.stmcufinder\plugins\mcufinder/ => C:\Users\vivek\.stmcufinder\plugins\mcufinder
2025-08-28 00:41:10,481 [INFO] CrossReferenceDbSqlite:203 - Set database path to: C:\Users\vivek\.stmcufinder\plugins\mcufinder//mcu/cs/
2025-08-28 00:41:10,550 [INFO] MainPanel:274 - HeapMemory: 268435456
2025-08-28 00:41:10,624 [INFO] DbMcusXml:78 - Set database path to: C:\ST\STM32CubeIDE_1.19.0\STM32CubeIDE\plugins\com.st.stm32cube.common.mx_6.15.0.202507011659\\db\/mcu/
2025-08-28 00:41:10,624 [INFO] ApiDb:274 - Set plugin database path to: C:\ST\STM32CubeIDE_1.19.0\STM32CubeIDE\plugins\com.st.stm32cube.common.mx_6.15.0.202507011659\\db\/plugins/boardmanager/
2025-08-28 00:41:10,625 [INFO] ApiDb:261 - Set plugin images path to: C:\ST\STM32CubeIDE_1.19.0\STM32CubeIDE\plugins\com.st.stm32cube.common.mx_6.15.0.202507011659\\db\/plugins/mcufinder/images/
2025-08-28 00:41:10,625 [WARN] DbFile:41 - Overriding database path with different value: C:\Users\vivek\.stmcufinder\plugins\mcufinder/ => C:\Users\vivek\.stmcufinder\plugins\mcufinder
2025-08-28 00:41:10,625 [INFO] ApiDb:250 - Set database path to: C:\Users\vivek\.stmcufinder\plugins\mcufinder//mcu/
2025-08-28 00:41:10,625 [WARN] DbFile:41 - Overriding database path with different value: C:\Users\vivek\.stmcufinder\plugins\mcufinder/ => C:\Users\vivek\.stmcufinder\plugins\mcufinder
2025-08-28 00:41:10,625 [INFO] DbMcusAds:125 - Set database path to: C:\Users\vivek\.stmcufinder\plugins\mcufinder//mcu/
2025-08-28 00:41:10,625 [WARN] DbFile:41 - Overriding database path with different value: C:\Users\vivek\.stmcufinder\plugins\mcufinder/ => C:\Users\vivek\.stmcufinder\plugins\mcufinder
2025-08-28 00:41:10,625 [WARN] DbFile:41 - Overriding database path with different value: C:\Users\vivek\.stmcufinder\plugins\mcufinder/ => C:\Users\vivek\.stmcufinder\plugins\mcufinder
2025-08-28 00:41:10,625 [INFO] CrossReferenceDbSqlite:203 - Set database path to: C:\Users\vivek\.stmcufinder\plugins\mcufinder//mcu/cs/
2025-08-28 00:41:10,640 [INFO] ApplicationProperties:184 - Using Application install path: C:\ST\STM32CubeIDE_1.19.0\STM32CubeIDE\plugins\com.st.stm32cube.common.mx_6.15.0.202507011659
2025-08-28 00:41:10,641 [INFO] PluginManage:196 - Search for loadable plugins [exclusion list=, ]
2025-08-28 00:41:10,643 [INFO] PluginManage:310 - Check plugin analytics
2025-08-28 00:41:10,772 [INFO] AnalyticsPlugin:253 - Accepted Software Licenses: 
2025-08-28 00:41:10,772 [INFO] AnalyticsPlugin:255 - Accepted CMSIS Pack Licenses: 
2025-08-28 00:41:10,772 [INFO] AnalyticsPlugin:257 - Accepted Firmware Licenses: 
2025-08-28 00:41:10,773 [INFO] PluginManage:359 - Loaded plugin analytics (category:tool,tabindex:-1)
2025-08-28 00:41:10,773 [INFO] PluginManage:310 - Check plugin cadmodel
2025-08-28 00:41:10,778 [INFO] CADModel:105 - Init CAD model plugin
2025-08-28 00:41:10,778 [INFO] PluginManage:359 - Loaded plugin cadmodel (category:power,tabindex:5)
2025-08-28 00:41:10,778 [INFO] PluginManage:310 - Check plugin clock
2025-08-28 00:41:10,784 [INFO] PluginManage:359 - Loaded plugin clock (category:base,tabindex:2)
2025-08-28 00:41:10,785 [INFO] PluginManage:310 - Check plugin ddr
2025-08-28 00:41:10,788 [INFO] PluginManage:359 - Loaded plugin ddr (category:tool,tabindex:6)
2025-08-28 00:41:10,788 [INFO] PluginManage:310 - Check plugin filemanager
2025-08-28 00:41:10,902 [INFO] PluginManage:359 - Loaded plugin filemanager (category:base,tabindex:10)
2025-08-28 00:41:10,902 [INFO] PluginManage:310 - Check plugin ipmanager
2025-08-28 00:41:10,907 [INFO] PluginManage:359 - Loaded plugin ipmanager (category:base,tabindex:5)
2025-08-28 00:41:10,907 [INFO] PluginManage:310 - Check plugin lpbam
2025-08-28 00:41:10,912 [INFO] PluginManage:359 - Loaded plugin lpbam (category:base,tabindex:0)
2025-08-28 00:41:10,913 [INFO] PluginManage:310 - Check plugin memorymap
2025-08-28 00:41:10,922 [INFO] PluginManage:359 - Loaded plugin memorymap (category:base,tabindex:4)
2025-08-28 00:41:10,923 [INFO] PluginManage:310 - Check plugin pinoutandconfiguration
2025-08-28 00:41:10,929 [INFO] PluginManage:359 - Loaded plugin pinoutandconfiguration (category:base,tabindex:1)
2025-08-28 00:41:10,929 [INFO] PluginManage:310 - Check plugin pinoutconfig
2025-08-28 00:41:11,000 [WARN] SupportedApi:132 - Cannot load RTOS API schema: s4s-elt-must-match.1: The content of 'definitions' must match (annotation?, (simpleType | complexType)?, (unique | key | keyref)*)). A problem was found starting at: attribute.
2025-08-28 00:41:11,102 [INFO] PluginManage:359 - Loaded plugin pinoutconfig (category:base,tabindex:0)
2025-08-28 00:41:11,102 [INFO] PluginManage:310 - Check plugin power
2025-08-28 00:41:11,108 [INFO] PluginManage:359 - Loaded plugin power (category:power,tabindex:4)
2025-08-28 00:41:11,108 [INFO] PluginManage:310 - Check plugin projectmanager
2025-08-28 00:41:11,124 [INFO] PluginManage:359 - Loaded plugin projectmanager (category:projectmanager,tabindex:4)
2025-08-28 00:41:11,124 [INFO] PluginManage:310 - Check plugin rif
2025-08-28 00:41:11,131 [INFO] PluginManage:359 - Loaded plugin rif (category:base,tabindex:3)
2025-08-28 00:41:11,132 [INFO] PluginManage:310 - Check plugin thirdparty
2025-08-28 00:41:11,228 [WARN] IntegrityCheckThread:84 - waiting for thirdparty lock release [integrity check]
2025-08-28 00:41:11,228 [INFO] PluginManage:359 - Loaded plugin thirdparty (category:base,tabindex:-1)
2025-08-28 00:41:11,228 [INFO] IntegrityCheckThread:86 - entering critical section [integrity check]
2025-08-28 00:41:11,229 [INFO] PluginManage:310 - Check plugin tools
2025-08-28 00:41:11,229 [INFO] ThirdPartyUpdaterWithRetryManager:70 - Updater plugin not ready yet. [1/15]
2025-08-28 00:41:11,232 [INFO] PluginManage:359 - Loaded plugin tools (category:base,tabindex:7)
2025-08-28 00:41:11,232 [INFO] PluginManage:310 - Check plugin tutovideos
2025-08-28 00:41:11,398 [INFO] PluginManage:359 - Loaded plugin tutovideos (category:base,tabindex:-1)
2025-08-28 00:41:11,398 [INFO] PluginManage:310 - Check plugin updater
2025-08-28 00:41:11,417 [INFO] PluginManage:359 - Loaded plugin updater (category:base,tabindex:12)
2025-08-28 00:41:11,417 [INFO] PluginManage:310 - Check plugin userauth
2025-08-28 00:41:11,420 [INFO] UserAuth:118 - Init User Auth plugin
2025-08-28 00:41:11,420 [INFO] PluginManage:359 - Loaded plugin userauth (category:base,tabindex:14)
2025-08-28 00:41:11,421 [INFO] PluginManage:283 - PluginManage : Loaded plugins [18]
2025-08-28 00:41:11,598 [INFO] PinOutPanel:1589 - setPackage(No Configuration,No Configuration)
2025-08-28 00:41:11,665 [INFO] CADModel:165 - CPN selected for project level
2025-08-28 00:41:11,666 [INFO] CADModel:114 - Register for checkConnection events
2025-08-28 00:41:11,679 [INFO] IPUIPlugin:80 - create IPUIPlugin
2025-08-28 00:41:11,679 [INFO] PluginManager:220 - loadIPPluginJar : add adc
2025-08-28 00:41:11,683 [INFO] IPUIPlugin:80 - create IPUIPlugin
2025-08-28 00:41:11,683 [INFO] PluginManager:220 - loadIPPluginJar : add aes
2025-08-28 00:41:11,686 [INFO] IPUIPlugin:80 - create IPUIPlugin
2025-08-28 00:41:11,686 [INFO] PluginManager:220 - loadIPPluginJar : add can
2025-08-28 00:41:11,687 [INFO] IPUIPlugin:80 - create IPUIPlugin
2025-08-28 00:41:11,687 [INFO] PluginManager:220 - loadIPPluginJar : add comp
2025-08-28 00:41:11,689 [INFO] IPUIPlugin:80 - create IPUIPlugin
2025-08-28 00:41:11,689 [INFO] PluginManager:220 - loadIPPluginJar : add cryp
2025-08-28 00:41:11,693 [INFO] IPUIPlugin:80 - create IPUIPlugin
2025-08-28 00:41:11,693 [INFO] PluginManager:220 - loadIPPluginJar : add ddr_ctrl_phy
2025-08-28 00:41:11,696 [INFO] IPUIPlugin:80 - create IPUIPlugin
2025-08-28 00:41:11,696 [INFO] PluginManager:220 - loadIPPluginJar : add dfsdm
2025-08-28 00:41:11,700 [INFO] IPUIPlugin:80 - create IPUIPlugin
2025-08-28 00:41:11,701 [INFO] PluginManager:220 - loadIPPluginJar : add dma
2025-08-28 00:41:11,703 [INFO] IPUIPlugin:80 - create IPUIPlugin
2025-08-28 00:41:11,703 [INFO] PluginManager:220 - loadIPPluginJar : add dma3
2025-08-28 00:41:11,705 [INFO] IPUIPlugin:80 - create IPUIPlugin
2025-08-28 00:41:11,705 [INFO] PluginManager:220 - loadIPPluginJar : add extmemmanager
2025-08-28 00:41:11,706 [INFO] IPUIPlugin:80 - create IPUIPlugin
2025-08-28 00:41:11,706 [INFO] PluginManager:220 - loadIPPluginJar : add fatfs
2025-08-28 00:41:11,709 [INFO] IPUIPlugin:80 - create IPUIPlugin
2025-08-28 00:41:11,709 [INFO] PluginManager:220 - loadIPPluginJar : add fmc
2025-08-28 00:41:11,714 [INFO] IPUIPlugin:80 - create IPUIPlugin
2025-08-28 00:41:11,714 [INFO] PluginManager:220 - loadIPPluginJar : add freertos
2025-08-28 00:41:11,715 [INFO] IPUIPlugin:80 - create IPUIPlugin
2025-08-28 00:41:11,715 [INFO] PluginManager:220 - loadIPPluginJar : add genericplugin
2025-08-28 00:41:11,717 [INFO] IPUIPlugin:80 - create IPUIPlugin
2025-08-28 00:41:11,717 [INFO] PluginManager:220 - loadIPPluginJar : add gfxmmu
2025-08-28 00:41:11,722 [INFO] IPUIPlugin:80 - create IPUIPlugin
2025-08-28 00:41:11,722 [INFO] PluginManager:220 - loadIPPluginJar : add gic
2025-08-28 00:41:11,725 [INFO] IPUIPlugin:80 - create IPUIPlugin
2025-08-28 00:41:11,725 [INFO] PluginManager:220 - loadIPPluginJar : add gpio
2025-08-28 00:41:11,728 [INFO] IPUIPlugin:80 - create IPUIPlugin
2025-08-28 00:41:11,728 [INFO] PluginManager:220 - loadIPPluginJar : add gtzc
2025-08-28 00:41:11,732 [INFO] IPUIPlugin:80 - create IPUIPlugin
2025-08-28 00:41:11,732 [INFO] PluginManager:220 - loadIPPluginJar : add hash
2025-08-28 00:41:11,735 [INFO] IPUIPlugin:80 - create IPUIPlugin
2025-08-28 00:41:11,735 [INFO] PluginManager:220 - loadIPPluginJar : add i2c
2025-08-28 00:41:11,736 [INFO] IPUIPlugin:80 - create IPUIPlugin
2025-08-28 00:41:11,737 [INFO] PluginManager:220 - loadIPPluginJar : add i2s
2025-08-28 00:41:11,738 [INFO] IPUIPlugin:80 - create IPUIPlugin
2025-08-28 00:41:11,738 [INFO] PluginManager:220 - loadIPPluginJar : add i3c
2025-08-28 00:41:11,742 [INFO] IPUIPlugin:80 - create IPUIPlugin
2025-08-28 00:41:11,742 [INFO] PluginManager:220 - loadIPPluginJar : add ipddr
2025-08-28 00:41:11,747 [INFO] IPUIPlugin:80 - create IPUIPlugin
2025-08-28 00:41:11,747 [INFO] PluginManager:220 - loadIPPluginJar : add linkedlist
2025-08-28 00:41:11,750 [INFO] IPUIPlugin:80 - create IPUIPlugin
2025-08-28 00:41:11,750 [INFO] PluginManager:220 - loadIPPluginJar : add lorawan
2025-08-28 00:41:11,750 [INFO] IPUIPlugin:80 - create IPUIPlugin
2025-08-28 00:41:11,750 [INFO] PluginManager:220 - loadIPPluginJar : add ltdc
2025-08-28 00:41:11,755 [INFO] IPUIPlugin:80 - create IPUIPlugin
2025-08-28 00:41:11,755 [INFO] PluginManager:220 - loadIPPluginJar : add mdma
2025-08-28 00:41:11,759 [INFO] IPUIPlugin:80 - create IPUIPlugin
2025-08-28 00:41:11,759 [INFO] PluginManager:220 - loadIPPluginJar : add nvic
2025-08-28 00:41:11,761 [INFO] IPUIPlugin:80 - create IPUIPlugin
2025-08-28 00:41:11,761 [INFO] PluginManager:220 - loadIPPluginJar : add opamp
2025-08-28 00:41:11,762 [INFO] IPUIPlugin:80 - create IPUIPlugin
2025-08-28 00:41:11,762 [INFO] PluginManager:220 - loadIPPluginJar : add openamp
2025-08-28 00:41:11,764 [INFO] IPUIPlugin:80 - create IPUIPlugin
2025-08-28 00:41:11,764 [INFO] PluginManager:220 - loadIPPluginJar : add pdm2pcm
2025-08-28 00:41:11,769 [INFO] IPUIPlugin:80 - create IPUIPlugin
2025-08-28 00:41:11,771 [INFO] PluginManager:220 - loadIPPluginJar : add plateformsettings
2025-08-28 00:41:11,772 [INFO] IPUIPlugin:80 - create IPUIPlugin
2025-08-28 00:41:11,773 [INFO] PluginManager:220 - loadIPPluginJar : add quadspi
2025-08-28 00:41:11,774 [INFO] IPUIPlugin:80 - create IPUIPlugin
2025-08-28 00:41:11,774 [INFO] PluginManager:220 - loadIPPluginJar : add radio
2025-08-28 00:41:11,777 [INFO] IPUIPlugin:80 - create IPUIPlugin
2025-08-28 00:41:11,777 [INFO] PluginManager:220 - loadIPPluginJar : add resmgrutility
2025-08-28 00:41:11,779 [INFO] IPUIPlugin:80 - create IPUIPlugin
2025-08-28 00:41:11,779 [INFO] PluginManager:220 - loadIPPluginJar : add sai
2025-08-28 00:41:11,781 [INFO] IPUIPlugin:80 - create IPUIPlugin
2025-08-28 00:41:11,781 [INFO] PluginManager:220 - loadIPPluginJar : add spi
2025-08-28 00:41:11,785 [INFO] IPUIPlugin:80 - create IPUIPlugin
2025-08-28 00:41:11,785 [INFO] PluginManager:220 - loadIPPluginJar : add stm32_wpan
2025-08-28 00:41:11,786 [INFO] IPUIPlugin:80 - create IPUIPlugin
2025-08-28 00:41:11,786 [INFO] PluginManager:220 - loadIPPluginJar : add tim
2025-08-28 00:41:11,788 [INFO] IPUIPlugin:80 - create IPUIPlugin
2025-08-28 00:41:11,788 [INFO] PluginManager:220 - loadIPPluginJar : add touchsensing
2025-08-28 00:41:11,790 [INFO] IPUIPlugin:80 - create IPUIPlugin
2025-08-28 00:41:11,790 [INFO] PluginManager:220 - loadIPPluginJar : add tracer_emb
2025-08-28 00:41:11,791 [INFO] IPUIPlugin:80 - create IPUIPlugin
2025-08-28 00:41:11,791 [INFO] PluginManager:220 - loadIPPluginJar : add ts
2025-08-28 00:41:11,792 [INFO] IPUIPlugin:80 - create IPUIPlugin
2025-08-28 00:41:11,792 [INFO] PluginManager:220 - loadIPPluginJar : add tsc
2025-08-28 00:41:11,793 [INFO] IPUIPlugin:80 - create IPUIPlugin
2025-08-28 00:41:11,793 [INFO] PluginManager:220 - loadIPPluginJar : add ucpd
2025-08-28 00:41:11,795 [INFO] IPUIPlugin:80 - create IPUIPlugin
2025-08-28 00:41:11,795 [INFO] PluginManager:220 - loadIPPluginJar : add usart
2025-08-28 00:41:11,798 [INFO] IPUIPlugin:80 - create IPUIPlugin
2025-08-28 00:41:11,798 [INFO] PluginManager:220 - loadIPPluginJar : add usbx
2025-08-28 00:41:11,911 [FATAL] Updater:351 - Updater called before beeing initialized
2025-08-28 00:41:11,934 [INFO] RulesReader:64 - Compatibility file has been processed (317 Rules)
2025-08-28 00:41:11,943 [INFO] RulesReader:64 - Compatibility file has been processed (317 Rules)
2025-08-28 00:41:11,952 [INFO] CADModel:165 - CPN selected for project level
2025-08-28 00:41:11,952 [INFO] CADModel:114 - Register for checkConnection events
2025-08-28 00:41:11,952 [FATAL] Updater:351 - Updater called before beeing initialized
2025-08-28 00:41:11,952 [ERROR] CADModel:125 - Updater not yet initialized, retry later 
2025-08-28 00:41:12,090 [FATAL] Updater:351 - Updater called before beeing initialized
2025-08-28 00:41:12,091 [INFO] CADModel:165 - CPN selected for project level
2025-08-28 00:41:12,091 [INFO] CADModel:114 - Register for checkConnection events
2025-08-28 00:41:12,091 [FATAL] Updater:351 - Updater called before beeing initialized
2025-08-28 00:41:12,091 [ERROR] CADModel:125 - Updater not yet initialized, retry later 
2025-08-28 00:41:12,095 [FATAL] Updater:351 - Updater called before beeing initialized
2025-08-28 00:41:12,171 [FATAL] Updater:351 - Updater called before beeing initialized
2025-08-28 00:41:12,174 [INFO] DbMcusAds:53 - JSON generation date=Tue Jul 08 10:14:23 CEST 2025 (1751962463582)
2025-08-28 00:41:12,174 [FATAL] Updater:351 - Updater called before beeing initialized
2025-08-28 00:41:12,198 [WARN] DetailPanel:346 - Failed to get advertising image, set to default
2025-08-28 00:41:12,255 [FATAL] Updater:351 - Updater called before beeing initialized
2025-08-28 00:41:12,257 [FATAL] Updater:351 - Updater called before beeing initialized
2025-08-28 00:41:12,258 [FATAL] Updater:351 - Updater called before beeing initialized
2025-08-28 00:41:12,258 [WARN] DetailPanel:346 - Failed to get advertising image, set to default
2025-08-28 00:41:12,259 [FATAL] Updater:351 - Updater called before beeing initialized
2025-08-28 00:41:12,289 [ERROR] Updater:1198 - MainUpdater not yet initialized. External WinMGr cannot be set.
2025-08-28 00:41:12,290 [INFO] Updater:1134 - Updater Version found : 6.15.0
2025-08-28 00:41:12,304 [INFO] ApplicationProperties:184 - Using Application install path: C:\ST\STM32CubeIDE_1.19.0\STM32CubeIDE\plugins\com.st.stm32cube.common.mx_6.15.0.202507011659
2025-08-28 00:41:13,901 [ERROR] LogOutputStream:75 - [STDERR_REDIRECT] Aug 28, 2025 12:41:13 AM java.util.prefs.WindowsPreferences <init>
2025-08-28 00:41:13,902 [ERROR] LogOutputStream:75 - [STDERR_REDIRECT] WARNING: Could not open/create prefs root node Software\JavaSoft\Prefs at root 0xffffffff80000002. Windows RegCreateKeyEx(...) returned error code 5.
2025-08-28 00:41:13,902 [ERROR] LogOutputStream:75 - [STDERR_REDIRECT] 
2025-08-28 00:41:14,179 [INFO] MainUpdater:2872 - connection check result : 10
2025-08-28 00:41:14,180 [INFO] MainUpdater:289 - Updater Check For Update Now.
2025-08-28 00:41:14,180 [INFO] MicroXplorer:498 - Change Database Version : DB.6.0.150
2025-08-28 00:41:14,185 [INFO] McuFinderGlobals:63 - Set McuFinder mode to 2 (CubeIDE integrated)
2025-08-28 00:41:14,185 [INFO] UserAuth:171 - activating auth plugin
2025-08-28 00:41:14,188 [INFO] UserAuth:487 - Internet connection configuration mode: 1
2025-08-28 00:41:14,220 [INFO] JxBrowserEngine:152 - Initiate JxBrowser Engine with user profile folder
2025-08-28 00:41:14,236 [WARN] MainUpdater:1193 - Updater busy. Cannot search thirdparties
2025-08-28 00:41:14,236 [INFO] ThirdPartyUpdaterWithRetryManager:96 - Updater plugin is busy. [1/15]
2025-08-28 00:41:14,347 [INFO] CheckServerUpdateThread:120 - End of CheckServer Thread
2025-08-28 00:41:14,876 [INFO] WebApp:169 - Instantiating new browser for Auth
2025-08-28 00:41:15,393 [INFO] WebApp:463 - Apply proxy settings
2025-08-28 00:41:15,394 [INFO] WebApp:548 - Chromium requires no authentication
2025-08-28 00:41:15,399 [INFO] WebApp:491 - Direct internet connection detected
2025-08-28 00:41:15,417 [INFO] WebApp:900 - Register for checkConnection events
2025-08-28 00:41:15,417 [INFO] WebApp:463 - Apply proxy settings
2025-08-28 00:41:15,417 [INFO] WebApp:548 - Chromium requires no authentication
2025-08-28 00:41:15,418 [INFO] WebApp:491 - Direct internet connection detected
2025-08-28 00:41:15,540 [INFO] WebApp:225 - Starting web application
2025-08-28 00:41:15,540 [INFO] WebApp:593 - Web application path used C:\ST\STM32CubeIDE_1.19.0\STM32CubeIDE\plugins\com.st.stm32cube.common.mx_6.15.0.202507011659\db\plugins\mcufinder\reactClient1\index.html
2025-08-28 00:41:15,567 [INFO] WebApp:191 - Connection restablished
2025-08-28 00:41:17,400 [WARN] PackLoader:240 - Cannot read IP mode file for STMicroelectronics.FP-SNS-MOTENVWB1.1.4.0
2025-08-28 00:41:17,410 [WARN] PackLoader:240 - Cannot read IP mode file for STMicroelectronics.FP-ATR-ASTRA1.2.0.2
2025-08-28 00:41:17,417 [WARN] PackLoader:240 - Cannot read IP mode file for STMicroelectronics.X-CUBE-SMBUS.2.1.0
2025-08-28 00:41:17,422 [WARN] PackLoader:240 - Cannot read IP mode file for STMicroelectronics.X-CUBE-ST60.1.0.0
2025-08-28 00:41:17,447 [WARN] PackLoader:240 - Cannot read IP mode file for STMicroelectronics.X-CUBE-AZRTOS-F7.1.1.0
2025-08-28 00:41:17,461 [WARN] PackLoader:240 - Cannot read IP mode file for WES.I-CUBE-Cesium.1.4.0
2025-08-28 00:41:17,483 [WARN] PackLoader:240 - Cannot read IP mode file for Infineon.AIROC-Wi-Fi-Bluetooth-STM32.1.7.1
2025-08-28 00:41:17,500 [WARN] PackLoader:240 - Cannot read IP mode file for STMicroelectronics.X-CUBE-AZRTOS-H7.3.4.0
2025-08-28 00:41:17,509 [WARN] PackLoader:240 - Cannot read IP mode file for STMicroelectronics.X-CUBE-DISPLAY.3.0.0
2025-08-28 00:41:17,518 [WARN] PackLoader:240 - Cannot read IP mode file for STMicroelectronics.X-CUBE-NFC10.1.0.0
2025-08-28 00:41:17,533 [WARN] PackLoader:240 - Cannot read IP mode file for emotas.I-CUBE-CANOPEN.1.3.0
2025-08-28 00:41:17,542 [WARN] PackLoader:240 - Cannot read IP mode file for STMicroelectronics.FP-SNS-STBOX1.2.1.0
2025-08-28 00:41:17,546 [WARN] PackLoader:240 - Cannot read IP mode file for STMicroelectronics.FP-SNS-SMARTAG2.1.2.0
2025-08-28 00:41:17,551 [WARN] PackLoader:240 - Cannot read IP mode file for STMicroelectronics.FP-SNS-FLIGHT1.5.1.0
2025-08-28 00:41:17,558 [INFO] LogOutputStream:77 - [STDOUT_REDIRECT] 1 : Invalid condition id : UX_CORESTACK_Condition cause : null
2025-08-28 00:41:17,559 [INFO] LogOutputStream:77 - [STDOUT_REDIRECT] 1 : Invalid condition id : UX_CORESTACK_Condition cause : null
2025-08-28 00:41:17,560 [INFO] LogOutputStream:77 - [STDOUT_REDIRECT] 1 : Invalid condition id : UX_CORESTACK_Condition cause : null
2025-08-28 00:41:17,560 [INFO] LogOutputStream:77 - [STDOUT_REDIRECT] 1 : Invalid condition id : UX_CORESTACK_Condition cause : null
2025-08-28 00:41:17,561 [INFO] LogOutputStream:77 - [STDOUT_REDIRECT] 1 : Invalid condition id : UX_CORESTACK_Condition cause : null
2025-08-28 00:41:17,581 [WARN] PackLoader:240 - Cannot read IP mode file for STMicroelectronics.X-CUBE-AZRTOS-WL.2.0.0
2025-08-28 00:41:17,587 [WARN] PackLoader:240 - Cannot read IP mode file for STMicroelectronics.FP-SNS-MOTENV1.5.0.0
2025-08-28 00:41:17,594 [WARN] PackLoader:240 - Cannot read IP mode file for STMicroelectronics.X-CUBE-BLE2.3.3.0
2025-08-28 00:41:17,600 [WARN] PackLoader:240 - Cannot read IP mode file for STMicroelectronics.X-CUBE-NFC9.1.0.0
2025-08-28 00:41:17,606 [WARN] PackLoader:240 - Cannot read IP mode file for wolfSSL.I-CUBE-wolfSSL.5.8.2
2025-08-28 00:41:17,609 [WARN] PackLoader:240 - Cannot read IP mode file for STMicroelectronics.X-CUBE-BLE1.7.1.0
2025-08-28 00:41:17,612 [WARN] PackLoader:240 - Cannot read IP mode file for wolfSSL.I-CUBE-wolfMQTT.1.19.2
2025-08-28 00:41:17,616 [WARN] PackLoader:240 - Cannot read IP mode file for STMicroelectronics.X-CUBE-EEPRMA1.5.2.0
2025-08-28 00:41:17,626 [WARN] PackLoader:240 - Cannot read IP mode file for STMicroelectronics.X-CUBE-AZRTOS-G0.1.1.0
2025-08-28 00:41:17,632 [WARN] PackLoader:240 - Cannot read IP mode file for STMicroelectronics.X-CUBE-SAFEA1.1.2.2
2025-08-28 00:41:17,637 [WARN] PackLoader:240 - Cannot read IP mode file for STMicroelectronics.X-CUBE-NFC4.3.0.0
2025-08-28 00:41:17,645 [WARN] PackLoader:240 - Cannot read IP mode file for EmbeddedOffice.I-CUBE-FS-RTOS.1.0.1
2025-08-28 00:41:17,649 [WARN] PackLoader:240 - Cannot read IP mode file for STMicroelectronics.X-CUBE-WB05N.2.0.0
2025-08-28 00:41:17,654 [WARN] PackLoader:240 - Cannot read IP mode file for wolfSSL.I-CUBE-wolfTPM.3.8.0
2025-08-28 00:41:17,659 [WARN] PackLoader:240 - Cannot read IP mode file for STMicroelectronics.X-CUBE-TCPP.4.2.0
2025-08-28 00:41:17,664 [WARN] PackLoader:240 - Cannot read IP mode file for RealThread.X-CUBE-RT-Thread_Nano.4.1.1
2025-08-28 00:41:17,668 [WARN] PackLoader:240 - Cannot read IP mode file for STMicroelectronics.FP-ATR-SIGFOX1.3.2.0
2025-08-28 00:41:17,673 [WARN] PackLoader:240 - Cannot read IP mode file for ITTIA_DB.I-CUBE-ITTIADB.8.9.0
2025-08-28 00:41:17,678 [WARN] PackLoader:240 - Cannot read IP mode file for STMicroelectronics.X-CUBE-ST67W61.1.0.0
2025-08-28 00:41:17,682 [WARN] PackLoader:240 - Cannot read IP mode file for STMicroelectronics.X-CUBE-AI.10.2.0
2025-08-28 00:41:17,694 [WARN] PackLoader:240 - Cannot read IP mode file for SEGGER.I-CUBE-embOS.1.3.1
2025-08-28 00:41:17,716 [WARN] PackLoader:240 - Cannot read IP mode file for STMicroelectronics.X-CUBE-ALGOBUILD.1.4.0
2025-08-28 00:41:17,742 [WARN] PackLoader:240 - Cannot read IP mode file for STMicroelectronics.X-CUBE-MEMS1.11.3.0
2025-08-28 00:41:17,819 [WARN] PackLoader:240 - Cannot read IP mode file for STMicroelectronics.X-CUBE-PM33A1.1.0.0
2025-08-28 00:41:17,829 [WARN] PackLoader:240 - Cannot read IP mode file for STMicroelectronics.X-CUBE-AZRTOS-F4.1.1.0
2025-08-28 00:41:17,834 [WARN] PackLoader:240 - Cannot read IP mode file for Avnet-IotConnect.X-CUBE-IoTC-DA16k-PMOD.1.0.0
2025-08-28 00:41:17,837 [WARN] PackLoader:240 - Cannot read IP mode file for STMicroelectronics.X-CUBE-ISPU.2.1.0
2025-08-28 00:41:17,842 [WARN] PackLoader:240 - Cannot read IP mode file for STMicroelectronics.X-CUBE-NFC12.1.0.0
2025-08-28 00:41:17,857 [WARN] PackLoader:240 - Cannot read IP mode file for STMicroelectronics.X-CUBE-AZRTOS-L5.2.0.0
2025-08-28 00:41:17,864 [WARN] PackLoader:240 - Cannot read IP mode file for STMicroelectronics.X-CUBE-NFC6.3.1.0
2025-08-28 00:41:17,870 [WARN] PackLoader:240 - Cannot read IP mode file for STMicroelectronics.X-CUBE-FREERTOS.1.3.1
2025-08-28 00:41:17,876 [WARN] PackLoader:240 - Cannot read IP mode file for STMicroelectronics.FP-SNS-STAIOTCFT.1.0.0
2025-08-28 00:41:17,880 [WARN] PackLoader:240 - Cannot read IP mode file for STMicroelectronics.X-CUBE-DPower.1.3.0
2025-08-28 00:41:17,889 [WARN] ConditionMgr:438 - getConditionDescription Invalid condition id : LAN8742 Phy interface Condition cause : null
2025-08-28 00:41:17,889 [WARN] PackLoader:240 - Cannot read IP mode file for STMicroelectronics.X-CUBE-AZRTOS-L4.2.0.0
2025-08-28 00:41:17,890 [WARN] ConditionMgr:1044 - genDependencies : Invalid condition id : LAN8742 Phy interface Condition cause : null
2025-08-28 00:41:17,890 [WARN] ConditionMgr:1044 - genDependencies : Invalid condition id : LAN8742 Phy interface Condition cause : null
2025-08-28 00:41:17,890 [WARN] ConditionMgr:1044 - genDependencies : Invalid condition id : LAN8742 Phy interface Condition cause : null
2025-08-28 00:41:17,896 [WARN] PackLoader:240 - Cannot read IP mode file for STMicroelectronics.X-CUBE-SFXS2LP1.4.0.0
2025-08-28 00:41:17,902 [WARN] PackLoader:240 - Cannot read IP mode file for STMicroelectronics.X-CUBE-BLEMGR.4.1.0
2025-08-28 00:41:17,910 [WARN] ConditionMgr:438 - getConditionDescription Invalid condition id : UX DEVICE CLASS RTOS Condition cause : null
2025-08-28 00:41:17,911 [WARN] ConditionMgr:438 - getConditionDescription Invalid condition id : UX DEVICE CLASS RTOS Condition cause : null
2025-08-28 00:41:17,911 [WARN] PackLoader:240 - Cannot read IP mode file for STMicroelectronics.X-CUBE-AZRTOS-WB.2.0.0
2025-08-28 00:41:17,912 [WARN] ConditionMgr:1044 - genDependencies : Invalid condition id : UX DEVICE CLASS RTOS Condition cause : null
2025-08-28 00:41:17,912 [WARN] ConditionMgr:1044 - genDependencies : Invalid condition id : UX DEVICE CLASS RTOS Condition cause : null
2025-08-28 00:41:17,912 [WARN] ConditionMgr:1044 - genDependencies : Invalid condition id : UX DEVICE CLASS RTOS Condition cause : null
2025-08-28 00:41:17,912 [WARN] ConditionMgr:1044 - genDependencies : Invalid condition id : UX DEVICE CLASS RTOS Condition cause : null
2025-08-28 00:41:17,912 [WARN] ConditionMgr:1044 - genDependencies : Invalid condition id : UX DEVICE CLASS RTOS Condition cause : null
2025-08-28 00:41:17,916 [WARN] PackLoader:240 - Cannot read IP mode file for STMicroelectronics.X-CUBE-GNSS1.7.0.1
2025-08-28 00:41:17,921 [WARN] PackLoader:240 - Cannot read IP mode file for STMicroelectronics.X-CUBE-TOUCHGFX.4.25.0
2025-08-28 00:41:17,924 [WARN] ConditionMgr:438 - getConditionDescription Invalid condition id : Cortex-A Device cause : null
2025-08-28 00:41:17,937 [WARN] ConditionMgr:1044 - genDependencies : Invalid condition id : Cortex-A Device cause : null
2025-08-28 00:41:17,937 [WARN] ConditionMgr:1044 - genDependencies : Invalid condition id : Cortex-A Device cause : null
2025-08-28 00:41:17,937 [WARN] ConditionMgr:1044 - genDependencies : Invalid condition id : Cortex-A Device cause : null
2025-08-28 00:41:17,945 [WARN] PackLoader:240 - Cannot read IP mode file for STMicroelectronics.X-CUBE-SUBG2.5.0.0
2025-08-28 00:41:17,956 [WARN] PackLoader:240 - Cannot read IP mode file for STMicroelectronics.X-CUBE-AZRTOS-H7RS.1.1.0
2025-08-28 00:41:17,959 [WARN] PackLoader:240 - Cannot read IP mode file for Cesanta.I-CUBE-Mongoose.7.13.0
2025-08-28 00:41:17,966 [WARN] PackLoader:240 - Cannot read IP mode file for STMicroelectronics.X-CUBE-AZRTOS-G4.2.0.0
2025-08-28 00:41:17,970 [WARN] PackLoader:240 - Cannot read IP mode file for wolfSSL.I-CUBE-wolfSSH.1.4.20
2025-08-28 00:41:17,975 [WARN] PackLoader:240 - Cannot read IP mode file for STMicroelectronics.X-CUBE-NFC7.2.0.0
2025-08-28 00:41:17,984 [WARN] PackLoader:240 - Cannot read IP mode file for STMicroelectronics.X-CUBE-IPS.3.1.0
2025-08-28 00:41:17,992 [WARN] PackLoader:240 - Cannot read IP mode file for STMicroelectronics.X-CUBE-ALS.1.0.2
2025-08-28 00:41:17,998 [WARN] PackLoader:240 - Cannot read IP mode file for portGmbH.I-Cube-SoM-uGOAL.1.1.0
2025-08-28 00:41:18,004 [WARN] PackLoader:240 - Cannot read IP mode file for STMicroelectronics.X-CUBE-TOF1.3.4.3
2025-08-28 00:41:18,011 [INFO] ThirdParty:978 - Integrity check success = true
2025-08-28 00:41:18,011 [INFO] IntegrityCheckThread:100 - exiting critical section [integrity check]
2025-08-28 00:41:18,011 [INFO] IntegrityCheckThread:103 - End integrity checks thread
2025-08-28 00:41:26,482 [ERROR] AdobePublisher:162 - Exception while opening the connection: java.net.UnknownHostException: stmicroelectronics.d3.sc.omtrdc.net
2025-08-28 00:41:26,482 [ERROR] AdobePublisher:162 - Exception while opening the connection: java.net.UnknownHostException: stmicroelectronics.d3.sc.omtrdc.net
2025-08-28 00:41:26,483 [ERROR] AdobePublisher:162 - Exception while opening the connection: java.net.UnknownHostException: stmicroelectronics.d3.sc.omtrdc.net
2025-08-28 00:41:26,483 [ERROR] AdobePublisher:162 - Exception while opening the connection: java.net.UnknownHostException: stmicroelectronics.d3.sc.omtrdc.net
2025-08-28 00:41:26,483 [ERROR] AdobePublisher:162 - Exception while opening the connection: java.net.UnknownHostException: stmicroelectronics.d3.sc.omtrdc.net
2025-08-28 00:41:26,675 [ERROR] AdobePublisher:162 - Exception while opening the connection: java.net.UnknownHostException: stmicroelectronics.d3.sc.omtrdc.net
2025-08-28 00:41:26,675 [ERROR] AdobePublisher:162 - Exception while opening the connection: java.net.UnknownHostException: stmicroelectronics.d3.sc.omtrdc.net
2025-08-28 00:41:26,676 [ERROR] AdobePublisher:162 - Exception while opening the connection: java.net.UnknownHostException: stmicroelectronics.d3.sc.omtrdc.net
2025-08-28 00:41:26,676 [ERROR] AdobePublisher:162 - Exception while opening the connection: java.net.UnknownHostException: stmicroelectronics.d3.sc.omtrdc.net
2025-08-28 00:41:26,676 [ERROR] AdobePublisher:162 - Exception while opening the connection: java.net.UnknownHostException: stmicroelectronics.d3.sc.omtrdc.net
2025-08-28 00:43:41,850 [ERROR] AdobePublisher:162 - Exception while opening the connection: java.net.UnknownHostException: stmicroelectronics.d3.sc.omtrdc.net
2025-08-28 00:43:41,851 [ERROR] AdobePublisher:162 - Exception while opening the connection: java.net.UnknownHostException: stmicroelectronics.d3.sc.omtrdc.net
2025-08-28 00:43:41,851 [ERROR] AdobePublisher:162 - Exception while opening the connection: java.net.UnknownHostException: stmicroelectronics.d3.sc.omtrdc.net
2025-08-28 00:43:41,851 [ERROR] AdobePublisher:162 - Exception while opening the connection: java.net.UnknownHostException: stmicroelectronics.d3.sc.omtrdc.net
2025-08-28 00:43:41,851 [ERROR] AdobePublisher:162 - Exception while opening the connection: java.net.UnknownHostException: stmicroelectronics.d3.sc.omtrdc.net
2025-08-28 00:43:42,023 [ERROR] AdobePublisher:162 - Exception while opening the connection: java.net.UnknownHostException: stmicroelectronics.d3.sc.omtrdc.net
2025-08-28 00:43:42,024 [ERROR] AdobePublisher:162 - Exception while opening the connection: java.net.UnknownHostException: stmicroelectronics.d3.sc.omtrdc.net
2025-08-28 00:43:42,024 [ERROR] AdobePublisher:162 - Exception while opening the connection: java.net.UnknownHostException: stmicroelectronics.d3.sc.omtrdc.net
2025-08-28 00:43:42,024 [ERROR] AdobePublisher:162 - Exception while opening the connection: java.net.UnknownHostException: stmicroelectronics.d3.sc.omtrdc.net
2025-08-28 00:43:42,024 [ERROR] AdobePublisher:162 - Exception while opening the connection: java.net.UnknownHostException: stmicroelectronics.d3.sc.omtrdc.net
2025-08-28 00:44:43,695 [ERROR] AdobePublisher:162 - Exception while opening the connection: java.net.UnknownHostException: stmicroelectronics.d3.sc.omtrdc.net
2025-08-28 00:44:43,695 [ERROR] AdobePublisher:162 - Exception while opening the connection: java.net.UnknownHostException: stmicroelectronics.d3.sc.omtrdc.net
2025-08-28 00:44:43,696 [ERROR] AdobePublisher:162 - Exception while opening the connection: java.net.UnknownHostException: stmicroelectronics.d3.sc.omtrdc.net
2025-08-28 00:44:43,696 [ERROR] AdobePublisher:162 - Exception while opening the connection: java.net.UnknownHostException: stmicroelectronics.d3.sc.omtrdc.net
2025-08-28 00:44:43,696 [ERROR] AdobePublisher:162 - Exception while opening the connection: java.net.UnknownHostException: stmicroelectronics.d3.sc.omtrdc.net
2025-08-28 00:44:43,833 [ERROR] AdobePublisher:162 - Exception while opening the connection: java.net.UnknownHostException: stmicroelectronics.d3.sc.omtrdc.net
2025-08-28 00:44:43,833 [ERROR] AdobePublisher:162 - Exception while opening the connection: java.net.UnknownHostException: stmicroelectronics.d3.sc.omtrdc.net
2025-08-28 00:44:43,833 [ERROR] AdobePublisher:162 - Exception while opening the connection: java.net.UnknownHostException: stmicroelectronics.d3.sc.omtrdc.net
2025-08-28 00:44:43,833 [ERROR] AdobePublisher:162 - Exception while opening the connection: java.net.UnknownHostException: stmicroelectronics.d3.sc.omtrdc.net
2025-08-28 00:44:43,833 [ERROR] AdobePublisher:162 - Exception while opening the connection: java.net.UnknownHostException: stmicroelectronics.d3.sc.omtrdc.net
2025-08-28 00:46:06,036 [ERROR] AdobePublisher:162 - Exception while opening the connection: java.net.UnknownHostException: stmicroelectronics.d3.sc.omtrdc.net
2025-08-28 00:46:06,036 [ERROR] AdobePublisher:162 - Exception while opening the connection: java.net.UnknownHostException: stmicroelectronics.d3.sc.omtrdc.net
2025-08-28 00:46:06,036 [ERROR] AdobePublisher:162 - Exception while opening the connection: java.net.UnknownHostException: stmicroelectronics.d3.sc.omtrdc.net
2025-08-28 00:46:06,036 [ERROR] AdobePublisher:162 - Exception while opening the connection: java.net.UnknownHostException: stmicroelectronics.d3.sc.omtrdc.net
2025-08-28 00:46:06,036 [ERROR] AdobePublisher:162 - Exception while opening the connection: java.net.UnknownHostException: stmicroelectronics.d3.sc.omtrdc.net
2025-08-28 00:46:06,169 [ERROR] AdobePublisher:162 - Exception while opening the connection: java.net.UnknownHostException: stmicroelectronics.d3.sc.omtrdc.net
2025-08-28 00:46:06,170 [ERROR] AdobePublisher:162 - Exception while opening the connection: java.net.UnknownHostException: stmicroelectronics.d3.sc.omtrdc.net
2025-08-28 00:46:06,170 [ERROR] AdobePublisher:162 - Exception while opening the connection: java.net.UnknownHostException: stmicroelectronics.d3.sc.omtrdc.net
2025-08-28 00:46:06,170 [ERROR] AdobePublisher:162 - Exception while opening the connection: java.net.UnknownHostException: stmicroelectronics.d3.sc.omtrdc.net
2025-08-28 00:46:06,170 [ERROR] AdobePublisher:162 - Exception while opening the connection: java.net.UnknownHostException: stmicroelectronics.d3.sc.omtrdc.net
2025-08-28 00:48:20,954 [ERROR] AdobePublisher:162 - Exception while opening the connection: java.net.UnknownHostException: stmicroelectronics.d3.sc.omtrdc.net
2025-08-28 00:48:20,955 [ERROR] AdobePublisher:162 - Exception while opening the connection: java.net.UnknownHostException: stmicroelectronics.d3.sc.omtrdc.net
2025-08-28 00:48:20,955 [ERROR] AdobePublisher:162 - Exception while opening the connection: java.net.UnknownHostException: stmicroelectronics.d3.sc.omtrdc.net
2025-08-28 00:48:20,955 [ERROR] AdobePublisher:162 - Exception while opening the connection: java.net.UnknownHostException: stmicroelectronics.d3.sc.omtrdc.net
2025-08-28 00:48:20,955 [ERROR] AdobePublisher:162 - Exception while opening the connection: java.net.UnknownHostException: stmicroelectronics.d3.sc.omtrdc.net
2025-08-28 00:48:21,111 [ERROR] AdobePublisher:162 - Exception while opening the connection: java.net.UnknownHostException: stmicroelectronics.d3.sc.omtrdc.net
2025-08-28 00:48:21,112 [ERROR] AdobePublisher:162 - Exception while opening the connection: java.net.UnknownHostException: stmicroelectronics.d3.sc.omtrdc.net
2025-08-28 00:48:21,112 [ERROR] AdobePublisher:162 - Exception while opening the connection: java.net.UnknownHostException: stmicroelectronics.d3.sc.omtrdc.net
2025-08-28 00:48:21,112 [ERROR] AdobePublisher:162 - Exception while opening the connection: java.net.UnknownHostException: stmicroelectronics.d3.sc.omtrdc.net
2025-08-28 00:48:21,112 [ERROR] AdobePublisher:162 - Exception while opening the connection: java.net.UnknownHostException: stmicroelectronics.d3.sc.omtrdc.net
2025-08-28 00:49:07,767 [ERROR] AdobePublisher:162 - Exception while opening the connection: java.net.UnknownHostException: stmicroelectronics.d3.sc.omtrdc.net
2025-08-28 00:49:07,768 [ERROR] AdobePublisher:162 - Exception while opening the connection: java.net.UnknownHostException: stmicroelectronics.d3.sc.omtrdc.net
2025-08-28 00:49:07,768 [ERROR] AdobePublisher:162 - Exception while opening the connection: java.net.UnknownHostException: stmicroelectronics.d3.sc.omtrdc.net
2025-08-28 00:49:07,768 [ERROR] AdobePublisher:162 - Exception while opening the connection: java.net.UnknownHostException: stmicroelectronics.d3.sc.omtrdc.net
2025-08-28 00:49:07,769 [ERROR] AdobePublisher:162 - Exception while opening the connection: java.net.UnknownHostException: stmicroelectronics.d3.sc.omtrdc.net
2025-08-28 00:49:08,005 [ERROR] AdobePublisher:162 - Exception while opening the connection: java.net.UnknownHostException: stmicroelectronics.d3.sc.omtrdc.net
2025-08-28 00:49:08,006 [ERROR] AdobePublisher:162 - Exception while opening the connection: java.net.UnknownHostException: stmicroelectronics.d3.sc.omtrdc.net
2025-08-28 00:49:08,006 [ERROR] AdobePublisher:162 - Exception while opening the connection: java.net.UnknownHostException: stmicroelectronics.d3.sc.omtrdc.net
2025-08-28 00:49:08,006 [ERROR] AdobePublisher:162 - Exception while opening the connection: java.net.UnknownHostException: stmicroelectronics.d3.sc.omtrdc.net
2025-08-28 00:49:08,006 [ERROR] AdobePublisher:162 - Exception while opening the connection: java.net.UnknownHostException: stmicroelectronics.d3.sc.omtrdc.net
2025-08-28 00:49:53,055 [ERROR] AdobePublisher:162 - Exception while opening the connection: java.net.UnknownHostException: stmicroelectronics.d3.sc.omtrdc.net
2025-08-28 00:49:53,056 [ERROR] AdobePublisher:162 - Exception while opening the connection: java.net.UnknownHostException: stmicroelectronics.d3.sc.omtrdc.net
2025-08-28 00:49:53,056 [ERROR] AdobePublisher:162 - Exception while opening the connection: java.net.UnknownHostException: stmicroelectronics.d3.sc.omtrdc.net
2025-08-28 00:49:53,056 [ERROR] AdobePublisher:162 - Exception while opening the connection: java.net.UnknownHostException: stmicroelectronics.d3.sc.omtrdc.net
2025-08-28 00:49:53,056 [ERROR] AdobePublisher:162 - Exception while opening the connection: java.net.UnknownHostException: stmicroelectronics.d3.sc.omtrdc.net
2025-08-28 00:49:53,211 [ERROR] AdobePublisher:162 - Exception while opening the connection: java.net.UnknownHostException: stmicroelectronics.d3.sc.omtrdc.net
2025-08-28 00:49:53,212 [ERROR] AdobePublisher:162 - Exception while opening the connection: java.net.UnknownHostException: stmicroelectronics.d3.sc.omtrdc.net
2025-08-28 00:49:53,212 [ERROR] AdobePublisher:162 - Exception while opening the connection: java.net.UnknownHostException: stmicroelectronics.d3.sc.omtrdc.net
2025-08-28 00:49:53,212 [ERROR] AdobePublisher:162 - Exception while opening the connection: java.net.UnknownHostException: stmicroelectronics.d3.sc.omtrdc.net
2025-08-28 00:49:53,212 [ERROR] AdobePublisher:162 - Exception while opening the connection: java.net.UnknownHostException: stmicroelectronics.d3.sc.omtrdc.net
2025-08-28 00:54:18,882 [ERROR] AdobePublisher:162 - Exception while opening the connection: java.net.UnknownHostException: stmicroelectronics.d3.sc.omtrdc.net
2025-08-28 00:54:18,883 [ERROR] AdobePublisher:162 - Exception while opening the connection: java.net.UnknownHostException: stmicroelectronics.d3.sc.omtrdc.net
2025-08-28 00:54:18,883 [ERROR] AdobePublisher:162 - Exception while opening the connection: java.net.UnknownHostException: stmicroelectronics.d3.sc.omtrdc.net
2025-08-28 00:54:18,883 [ERROR] AdobePublisher:162 - Exception while opening the connection: java.net.UnknownHostException: stmicroelectronics.d3.sc.omtrdc.net
2025-08-28 00:54:18,883 [ERROR] AdobePublisher:162 - Exception while opening the connection: java.net.UnknownHostException: stmicroelectronics.d3.sc.omtrdc.net
2025-08-28 00:54:19,023 [ERROR] AdobePublisher:162 - Exception while opening the connection: java.net.UnknownHostException: stmicroelectronics.d3.sc.omtrdc.net
2025-08-28 00:54:19,024 [ERROR] AdobePublisher:162 - Exception while opening the connection: java.net.UnknownHostException: stmicroelectronics.d3.sc.omtrdc.net
2025-08-28 00:54:19,024 [ERROR] AdobePublisher:162 - Exception while opening the connection: java.net.UnknownHostException: stmicroelectronics.d3.sc.omtrdc.net
2025-08-28 00:54:19,024 [ERROR] AdobePublisher:162 - Exception while opening the connection: java.net.UnknownHostException: stmicroelectronics.d3.sc.omtrdc.net
2025-08-28 00:54:19,024 [ERROR] AdobePublisher:162 - Exception while opening the connection: java.net.UnknownHostException: stmicroelectronics.d3.sc.omtrdc.net
2025-08-28 00:54:59,704 [ERROR] AdobePublisher:162 - Exception while opening the connection: java.net.UnknownHostException: stmicroelectronics.d3.sc.omtrdc.net
2025-08-28 00:54:59,704 [ERROR] AdobePublisher:162 - Exception while opening the connection: java.net.UnknownHostException: stmicroelectronics.d3.sc.omtrdc.net
2025-08-28 00:54:59,705 [ERROR] AdobePublisher:162 - Exception while opening the connection: java.net.UnknownHostException: stmicroelectronics.d3.sc.omtrdc.net
2025-08-28 00:54:59,705 [ERROR] AdobePublisher:162 - Exception while opening the connection: java.net.UnknownHostException: stmicroelectronics.d3.sc.omtrdc.net
2025-08-28 00:54:59,705 [ERROR] AdobePublisher:162 - Exception while opening the connection: java.net.UnknownHostException: stmicroelectronics.d3.sc.omtrdc.net
2025-08-28 00:54:59,837 [ERROR] AdobePublisher:162 - Exception while opening the connection: java.net.UnknownHostException: stmicroelectronics.d3.sc.omtrdc.net
2025-08-28 00:54:59,838 [ERROR] AdobePublisher:162 - Exception while opening the connection: java.net.UnknownHostException: stmicroelectronics.d3.sc.omtrdc.net
2025-08-28 00:54:59,838 [ERROR] AdobePublisher:162 - Exception while opening the connection: java.net.UnknownHostException: stmicroelectronics.d3.sc.omtrdc.net
2025-08-28 00:54:59,838 [ERROR] AdobePublisher:162 - Exception while opening the connection: java.net.UnknownHostException: stmicroelectronics.d3.sc.omtrdc.net
2025-08-28 00:54:59,838 [ERROR] AdobePublisher:162 - Exception while opening the connection: java.net.UnknownHostException: stmicroelectronics.d3.sc.omtrdc.net
2025-08-28 00:57:34,735 [ERROR] AdobePublisher:162 - Exception while opening the connection: java.net.UnknownHostException: stmicroelectronics.d3.sc.omtrdc.net
2025-08-28 00:57:34,735 [ERROR] AdobePublisher:162 - Exception while opening the connection: java.net.UnknownHostException: stmicroelectronics.d3.sc.omtrdc.net
2025-08-28 00:57:34,735 [ERROR] AdobePublisher:162 - Exception while opening the connection: java.net.UnknownHostException: stmicroelectronics.d3.sc.omtrdc.net
2025-08-28 00:57:34,737 [ERROR] AdobePublisher:162 - Exception while opening the connection: java.net.UnknownHostException: stmicroelectronics.d3.sc.omtrdc.net
2025-08-28 00:57:34,737 [ERROR] AdobePublisher:162 - Exception while opening the connection: java.net.UnknownHostException: stmicroelectronics.d3.sc.omtrdc.net
2025-08-28 00:57:34,870 [ERROR] AdobePublisher:162 - Exception while opening the connection: java.net.UnknownHostException: stmicroelectronics.d3.sc.omtrdc.net
2025-08-28 00:57:34,871 [ERROR] AdobePublisher:162 - Exception while opening the connection: java.net.UnknownHostException: stmicroelectronics.d3.sc.omtrdc.net
2025-08-28 00:57:34,871 [ERROR] AdobePublisher:162 - Exception while opening the connection: java.net.UnknownHostException: stmicroelectronics.d3.sc.omtrdc.net
2025-08-28 00:57:34,871 [ERROR] AdobePublisher:162 - Exception while opening the connection: java.net.UnknownHostException: stmicroelectronics.d3.sc.omtrdc.net
2025-08-28 00:57:34,871 [ERROR] AdobePublisher:162 - Exception while opening the connection: java.net.UnknownHostException: stmicroelectronics.d3.sc.omtrdc.net
2025-08-28 00:59:53,463 [ERROR] AdobePublisher:162 - Exception while opening the connection: java.net.UnknownHostException: stmicroelectronics.d3.sc.omtrdc.net
2025-08-28 00:59:53,464 [ERROR] AdobePublisher:162 - Exception while opening the connection: java.net.UnknownHostException: stmicroelectronics.d3.sc.omtrdc.net
2025-08-28 00:59:53,465 [ERROR] AdobePublisher:162 - Exception while opening the connection: java.net.UnknownHostException: stmicroelectronics.d3.sc.omtrdc.net
2025-08-28 00:59:53,465 [ERROR] AdobePublisher:162 - Exception while opening the connection: java.net.UnknownHostException: stmicroelectronics.d3.sc.omtrdc.net
2025-08-28 00:59:53,465 [ERROR] AdobePublisher:162 - Exception while opening the connection: java.net.UnknownHostException: stmicroelectronics.d3.sc.omtrdc.net
2025-08-28 00:59:53,602 [ERROR] AdobePublisher:162 - Exception while opening the connection: java.net.UnknownHostException: stmicroelectronics.d3.sc.omtrdc.net
2025-08-28 00:59:53,603 [ERROR] AdobePublisher:162 - Exception while opening the connection: java.net.UnknownHostException: stmicroelectronics.d3.sc.omtrdc.net
2025-08-28 00:59:53,603 [ERROR] AdobePublisher:162 - Exception while opening the connection: java.net.UnknownHostException: stmicroelectronics.d3.sc.omtrdc.net
2025-08-28 00:59:53,603 [ERROR] AdobePublisher:162 - Exception while opening the connection: java.net.UnknownHostException: stmicroelectronics.d3.sc.omtrdc.net
2025-08-28 00:59:53,603 [ERROR] AdobePublisher:162 - Exception while opening the connection: java.net.UnknownHostException: stmicroelectronics.d3.sc.omtrdc.net
2025-08-28 01:01:51,088 [ERROR] AdobePublisher:162 - Exception while opening the connection: java.net.UnknownHostException: stmicroelectronics.d3.sc.omtrdc.net
2025-08-28 01:01:51,088 [ERROR] AdobePublisher:162 - Exception while opening the connection: java.net.UnknownHostException: stmicroelectronics.d3.sc.omtrdc.net
2025-08-28 01:01:51,089 [ERROR] AdobePublisher:162 - Exception while opening the connection: java.net.UnknownHostException: stmicroelectronics.d3.sc.omtrdc.net
2025-08-28 01:01:51,089 [ERROR] AdobePublisher:162 - Exception while opening the connection: java.net.UnknownHostException: stmicroelectronics.d3.sc.omtrdc.net
2025-08-28 01:01:51,089 [ERROR] AdobePublisher:162 - Exception while opening the connection: java.net.UnknownHostException: stmicroelectronics.d3.sc.omtrdc.net
2025-08-28 01:01:51,230 [ERROR] AdobePublisher:162 - Exception while opening the connection: java.net.UnknownHostException: stmicroelectronics.d3.sc.omtrdc.net
2025-08-28 01:01:51,230 [ERROR] AdobePublisher:162 - Exception while opening the connection: java.net.UnknownHostException: stmicroelectronics.d3.sc.omtrdc.net
2025-08-28 01:01:51,231 [ERROR] AdobePublisher:162 - Exception while opening the connection: java.net.UnknownHostException: stmicroelectronics.d3.sc.omtrdc.net
2025-08-28 01:01:51,231 [ERROR] AdobePublisher:162 - Exception while opening the connection: java.net.UnknownHostException: stmicroelectronics.d3.sc.omtrdc.net
2025-08-28 01:01:51,231 [ERROR] AdobePublisher:162 - Exception while opening the connection: java.net.UnknownHostException: stmicroelectronics.d3.sc.omtrdc.net
2025-08-28 01:04:01,590 [ERROR] AdobePublisher:162 - Exception while opening the connection: java.net.UnknownHostException: stmicroelectronics.d3.sc.omtrdc.net
2025-08-28 01:04:01,590 [ERROR] AdobePublisher:162 - Exception while opening the connection: java.net.UnknownHostException: stmicroelectronics.d3.sc.omtrdc.net
2025-08-28 01:04:01,590 [ERROR] AdobePublisher:162 - Exception while opening the connection: java.net.UnknownHostException: stmicroelectronics.d3.sc.omtrdc.net
2025-08-28 01:04:01,591 [ERROR] AdobePublisher:162 - Exception while opening the connection: java.net.UnknownHostException: stmicroelectronics.d3.sc.omtrdc.net
2025-08-28 01:04:01,591 [ERROR] AdobePublisher:162 - Exception while opening the connection: java.net.UnknownHostException: stmicroelectronics.d3.sc.omtrdc.net
2025-08-28 01:04:01,720 [ERROR] AdobePublisher:162 - Exception while opening the connection: java.net.UnknownHostException: stmicroelectronics.d3.sc.omtrdc.net
2025-08-28 01:04:01,721 [ERROR] AdobePublisher:162 - Exception while opening the connection: java.net.UnknownHostException: stmicroelectronics.d3.sc.omtrdc.net
2025-08-28 01:04:01,721 [ERROR] AdobePublisher:162 - Exception while opening the connection: java.net.UnknownHostException: stmicroelectronics.d3.sc.omtrdc.net
2025-08-28 01:04:01,721 [ERROR] AdobePublisher:162 - Exception while opening the connection: java.net.UnknownHostException: stmicroelectronics.d3.sc.omtrdc.net
2025-08-28 01:04:01,721 [ERROR] AdobePublisher:162 - Exception while opening the connection: java.net.UnknownHostException: stmicroelectronics.d3.sc.omtrdc.net
