2025-09-01 23:53:06,825 [INFO] Activator:176 - 


2025-09-01 23:53:06,830 [INFO] Activator:177 - !SESSION log4j initialized
2025-09-01 23:53:12,342 [INFO] LogOutputStream:77 - [STDOUT_REDIRECT] 
2025-09-01 23:53:13,231 [INFO] ApplicationProperties:184 - Using Application install path: C:\ST\STM32CubeIDE_1.19.0\STM32CubeIDE\plugins\com.st.stm32cube.common.mx_6.15.0.202507011659
2025-09-01 23:53:13,250 [INFO] DbMcusXml:78 - Set database path to: C:\ST\STM32CubeIDE_1.19.0\STM32CubeIDE\plugins\com.st.stm32cube.common.mx_6.15.0.202507011659\\db\/mcu/
2025-09-01 23:53:13,250 [INFO] ApiDb:274 - Set plugin database path to: C:\ST\STM32CubeIDE_1.19.0\STM32CubeIDE\plugins\com.st.stm32cube.common.mx_6.15.0.202507011659\\db\/plugins/boardmanager/
2025-09-01 23:53:13,250 [WARN] ApiDb:259 - Overriding images path with different value:  => C:\ST\STM32CubeIDE_1.19.0\STM32CubeIDE\plugins\com.st.stm32cube.common.mx_6.15.0.202507011659\\db\/plugins/mcufinder/images/
2025-09-01 23:53:13,260 [INFO] ApiDb:250 - Set database path to: C:\Users\vivek\.stmcufinder\plugins\mcufinder//mcu/
2025-09-01 23:53:13,261 [INFO] DbMcusAds:125 - Set database path to: C:\Users\vivek\.stmcufinder\plugins\mcufinder//mcu/
2025-09-01 23:53:13,263 [INFO] CrossReferenceDbSqlite:203 - Set database path to: C:\Users\vivek\.stmcufinder\plugins\mcufinder//mcu/cs/
2025-09-01 23:53:13,361 [INFO] RulesReader:64 - Compatibility file has been processed (317 Rules)
2025-09-01 23:53:13,441 [INFO] DbMcusXml:78 - Set database path to: C:\ST\STM32CubeIDE_1.19.0\STM32CubeIDE\plugins\com.st.stm32cube.common.mx_6.15.0.202507011659\\db\/mcu/
2025-09-01 23:53:13,441 [INFO] ApiDb:274 - Set plugin database path to: C:\ST\STM32CubeIDE_1.19.0\STM32CubeIDE\plugins\com.st.stm32cube.common.mx_6.15.0.202507011659\\db\/plugins/boardmanager/
2025-09-01 23:53:13,442 [INFO] ApiDb:261 - Set plugin images path to: C:\ST\STM32CubeIDE_1.19.0\STM32CubeIDE\plugins\com.st.stm32cube.common.mx_6.15.0.202507011659\\db\/plugins/mcufinder/images/
2025-09-01 23:53:13,442 [WARN] DbFile:41 - Overriding database path with different value: C:\Users\vivek\.stmcufinder\plugins\mcufinder/ => C:\Users\vivek\.stmcufinder\plugins\mcufinder
2025-09-01 23:53:13,442 [INFO] ApiDb:250 - Set database path to: C:\Users\vivek\.stmcufinder\plugins\mcufinder//mcu/
2025-09-01 23:53:13,442 [WARN] DbFile:41 - Overriding database path with different value: C:\Users\vivek\.stmcufinder\plugins\mcufinder/ => C:\Users\vivek\.stmcufinder\plugins\mcufinder
2025-09-01 23:53:13,442 [INFO] DbMcusAds:125 - Set database path to: C:\Users\vivek\.stmcufinder\plugins\mcufinder//mcu/
2025-09-01 23:53:13,442 [WARN] DbFile:41 - Overriding database path with different value: C:\Users\vivek\.stmcufinder\plugins\mcufinder/ => C:\Users\vivek\.stmcufinder\plugins\mcufinder
2025-09-01 23:53:13,442 [WARN] DbFile:41 - Overriding database path with different value: C:\Users\vivek\.stmcufinder\plugins\mcufinder/ => C:\Users\vivek\.stmcufinder\plugins\mcufinder
2025-09-01 23:53:13,442 [INFO] CrossReferenceDbSqlite:203 - Set database path to: C:\Users\vivek\.stmcufinder\plugins\mcufinder//mcu/cs/
2025-09-01 23:53:13,517 [INFO] MainPanel:274 - HeapMemory: 268435456
2025-09-01 23:53:13,640 [INFO] DbMcusXml:78 - Set database path to: C:\ST\STM32CubeIDE_1.19.0\STM32CubeIDE\plugins\com.st.stm32cube.common.mx_6.15.0.202507011659\\db\/mcu/
2025-09-01 23:53:13,640 [INFO] ApiDb:274 - Set plugin database path to: C:\ST\STM32CubeIDE_1.19.0\STM32CubeIDE\plugins\com.st.stm32cube.common.mx_6.15.0.202507011659\\db\/plugins/boardmanager/
2025-09-01 23:53:13,640 [INFO] ApiDb:261 - Set plugin images path to: C:\ST\STM32CubeIDE_1.19.0\STM32CubeIDE\plugins\com.st.stm32cube.common.mx_6.15.0.202507011659\\db\/plugins/mcufinder/images/
2025-09-01 23:53:13,641 [WARN] DbFile:41 - Overriding database path with different value: C:\Users\vivek\.stmcufinder\plugins\mcufinder/ => C:\Users\vivek\.stmcufinder\plugins\mcufinder
2025-09-01 23:53:13,641 [INFO] ApiDb:250 - Set database path to: C:\Users\vivek\.stmcufinder\plugins\mcufinder//mcu/
2025-09-01 23:53:13,641 [WARN] DbFile:41 - Overriding database path with different value: C:\Users\vivek\.stmcufinder\plugins\mcufinder/ => C:\Users\vivek\.stmcufinder\plugins\mcufinder
2025-09-01 23:53:13,641 [INFO] DbMcusAds:125 - Set database path to: C:\Users\vivek\.stmcufinder\plugins\mcufinder//mcu/
2025-09-01 23:53:13,641 [WARN] DbFile:41 - Overriding database path with different value: C:\Users\vivek\.stmcufinder\plugins\mcufinder/ => C:\Users\vivek\.stmcufinder\plugins\mcufinder
2025-09-01 23:53:13,641 [WARN] DbFile:41 - Overriding database path with different value: C:\Users\vivek\.stmcufinder\plugins\mcufinder/ => C:\Users\vivek\.stmcufinder\plugins\mcufinder
2025-09-01 23:53:13,641 [INFO] CrossReferenceDbSqlite:203 - Set database path to: C:\Users\vivek\.stmcufinder\plugins\mcufinder//mcu/cs/
2025-09-01 23:53:13,659 [INFO] ApplicationProperties:184 - Using Application install path: C:\ST\STM32CubeIDE_1.19.0\STM32CubeIDE\plugins\com.st.stm32cube.common.mx_6.15.0.202507011659
2025-09-01 23:53:13,660 [INFO] PluginManage:196 - Search for loadable plugins [exclusion list=, ]
2025-09-01 23:53:13,662 [INFO] PluginManage:310 - Check plugin analytics
2025-09-01 23:53:13,815 [INFO] AnalyticsPlugin:253 - Accepted Software Licenses: 
2025-09-01 23:53:13,815 [INFO] AnalyticsPlugin:255 - Accepted CMSIS Pack Licenses: 
2025-09-01 23:53:13,815 [INFO] AnalyticsPlugin:257 - Accepted Firmware Licenses: 
2025-09-01 23:53:13,819 [INFO] PluginManage:359 - Loaded plugin analytics (category:tool,tabindex:-1)
2025-09-01 23:53:13,819 [INFO] PluginManage:310 - Check plugin cadmodel
2025-09-01 23:53:13,824 [INFO] CADModel:105 - Init CAD model plugin
2025-09-01 23:53:13,825 [INFO] PluginManage:359 - Loaded plugin cadmodel (category:power,tabindex:5)
2025-09-01 23:53:13,825 [INFO] PluginManage:310 - Check plugin clock
2025-09-01 23:53:13,834 [INFO] PluginManage:359 - Loaded plugin clock (category:base,tabindex:2)
2025-09-01 23:53:13,834 [INFO] PluginManage:310 - Check plugin ddr
2025-09-01 23:53:13,837 [INFO] PluginManage:359 - Loaded plugin ddr (category:tool,tabindex:6)
2025-09-01 23:53:13,837 [INFO] PluginManage:310 - Check plugin filemanager
2025-09-01 23:53:13,977 [INFO] PluginManage:359 - Loaded plugin filemanager (category:base,tabindex:10)
2025-09-01 23:53:13,977 [INFO] PluginManage:310 - Check plugin ipmanager
2025-09-01 23:53:13,983 [INFO] PluginManage:359 - Loaded plugin ipmanager (category:base,tabindex:5)
2025-09-01 23:53:13,983 [INFO] PluginManage:310 - Check plugin lpbam
2025-09-01 23:53:13,989 [INFO] PluginManage:359 - Loaded plugin lpbam (category:base,tabindex:0)
2025-09-01 23:53:13,990 [INFO] PluginManage:310 - Check plugin memorymap
2025-09-01 23:53:14,002 [INFO] PluginManage:359 - Loaded plugin memorymap (category:base,tabindex:4)
2025-09-01 23:53:14,002 [INFO] PluginManage:310 - Check plugin pinoutandconfiguration
2025-09-01 23:53:14,008 [INFO] PluginManage:359 - Loaded plugin pinoutandconfiguration (category:base,tabindex:1)
2025-09-01 23:53:14,009 [INFO] PluginManage:310 - Check plugin pinoutconfig
2025-09-01 23:53:14,084 [WARN] SupportedApi:132 - Cannot load RTOS API schema: s4s-elt-must-match.1: The content of 'definitions' must match (annotation?, (simpleType | complexType)?, (unique | key | keyref)*)). A problem was found starting at: attribute.
2025-09-01 23:53:14,261 [INFO] PluginManage:359 - Loaded plugin pinoutconfig (category:base,tabindex:0)
2025-09-01 23:53:14,261 [INFO] PluginManage:310 - Check plugin power
2025-09-01 23:53:14,274 [INFO] PluginManage:359 - Loaded plugin power (category:power,tabindex:4)
2025-09-01 23:53:14,275 [INFO] PluginManage:310 - Check plugin projectmanager
2025-09-01 23:53:14,304 [INFO] PluginManage:359 - Loaded plugin projectmanager (category:projectmanager,tabindex:4)
2025-09-01 23:53:14,304 [INFO] PluginManage:310 - Check plugin rif
2025-09-01 23:53:14,320 [INFO] PluginManage:359 - Loaded plugin rif (category:base,tabindex:3)
2025-09-01 23:53:14,320 [INFO] PluginManage:310 - Check plugin thirdparty
2025-09-01 23:53:14,480 [INFO] PluginManage:359 - Loaded plugin thirdparty (category:base,tabindex:-1)
2025-09-01 23:53:14,480 [INFO] PluginManage:310 - Check plugin tools
2025-09-01 23:53:14,480 [WARN] IntegrityCheckThread:84 - waiting for thirdparty lock release [integrity check]
2025-09-01 23:53:14,481 [INFO] IntegrityCheckThread:86 - entering critical section [integrity check]
2025-09-01 23:53:14,481 [INFO] ThirdPartyUpdaterWithRetryManager:70 - Updater plugin not ready yet. [1/15]
2025-09-01 23:53:14,482 [INFO] PluginManage:359 - Loaded plugin tools (category:base,tabindex:7)
2025-09-01 23:53:14,482 [INFO] PluginManage:310 - Check plugin tutovideos
2025-09-01 23:53:14,713 [INFO] PluginManage:359 - Loaded plugin tutovideos (category:base,tabindex:-1)
2025-09-01 23:53:14,713 [INFO] PluginManage:310 - Check plugin updater
2025-09-01 23:53:14,732 [INFO] PluginManage:359 - Loaded plugin updater (category:base,tabindex:12)
2025-09-01 23:53:14,732 [INFO] PluginManage:310 - Check plugin userauth
2025-09-01 23:53:14,736 [INFO] UserAuth:118 - Init User Auth plugin
2025-09-01 23:53:14,737 [INFO] PluginManage:359 - Loaded plugin userauth (category:base,tabindex:14)
2025-09-01 23:53:14,738 [INFO] PluginManage:283 - PluginManage : Loaded plugins [18]
2025-09-01 23:53:14,934 [INFO] PinOutPanel:1589 - setPackage(No Configuration,No Configuration)
2025-09-01 23:53:15,020 [INFO] CADModel:165 - CPN selected for project level
2025-09-01 23:53:15,020 [INFO] CADModel:114 - Register for checkConnection events
2025-09-01 23:53:15,042 [INFO] IPUIPlugin:80 - create IPUIPlugin
2025-09-01 23:53:15,042 [INFO] PluginManager:220 - loadIPPluginJar : add adc
2025-09-01 23:53:15,047 [INFO] IPUIPlugin:80 - create IPUIPlugin
2025-09-01 23:53:15,047 [INFO] PluginManager:220 - loadIPPluginJar : add aes
2025-09-01 23:53:15,051 [INFO] IPUIPlugin:80 - create IPUIPlugin
2025-09-01 23:53:15,051 [INFO] PluginManager:220 - loadIPPluginJar : add can
2025-09-01 23:53:15,053 [INFO] IPUIPlugin:80 - create IPUIPlugin
2025-09-01 23:53:15,053 [INFO] PluginManager:220 - loadIPPluginJar : add comp
2025-09-01 23:53:15,058 [INFO] IPUIPlugin:80 - create IPUIPlugin
2025-09-01 23:53:15,058 [INFO] PluginManager:220 - loadIPPluginJar : add cryp
2025-09-01 23:53:15,062 [INFO] IPUIPlugin:80 - create IPUIPlugin
2025-09-01 23:53:15,063 [INFO] PluginManager:220 - loadIPPluginJar : add ddr_ctrl_phy
2025-09-01 23:53:15,067 [INFO] IPUIPlugin:80 - create IPUIPlugin
2025-09-01 23:53:15,067 [INFO] PluginManager:220 - loadIPPluginJar : add dfsdm
2025-09-01 23:53:15,074 [INFO] IPUIPlugin:80 - create IPUIPlugin
2025-09-01 23:53:15,075 [INFO] PluginManager:220 - loadIPPluginJar : add dma
2025-09-01 23:53:15,080 [INFO] IPUIPlugin:80 - create IPUIPlugin
2025-09-01 23:53:15,080 [INFO] PluginManager:220 - loadIPPluginJar : add dma3
2025-09-01 23:53:15,083 [INFO] IPUIPlugin:80 - create IPUIPlugin
2025-09-01 23:53:15,084 [INFO] PluginManager:220 - loadIPPluginJar : add extmemmanager
2025-09-01 23:53:15,086 [INFO] IPUIPlugin:80 - create IPUIPlugin
2025-09-01 23:53:15,086 [INFO] PluginManager:220 - loadIPPluginJar : add fatfs
2025-09-01 23:53:15,096 [INFO] IPUIPlugin:80 - create IPUIPlugin
2025-09-01 23:53:15,097 [INFO] PluginManager:220 - loadIPPluginJar : add fmc
2025-09-01 23:53:15,105 [INFO] IPUIPlugin:80 - create IPUIPlugin
2025-09-01 23:53:15,106 [INFO] PluginManager:220 - loadIPPluginJar : add freertos
2025-09-01 23:53:15,109 [INFO] IPUIPlugin:80 - create IPUIPlugin
2025-09-01 23:53:15,109 [INFO] PluginManager:220 - loadIPPluginJar : add genericplugin
2025-09-01 23:53:15,112 [INFO] IPUIPlugin:80 - create IPUIPlugin
2025-09-01 23:53:15,112 [INFO] PluginManager:220 - loadIPPluginJar : add gfxmmu
2025-09-01 23:53:15,117 [INFO] IPUIPlugin:80 - create IPUIPlugin
2025-09-01 23:53:15,117 [INFO] PluginManager:220 - loadIPPluginJar : add gic
2025-09-01 23:53:15,122 [INFO] IPUIPlugin:80 - create IPUIPlugin
2025-09-01 23:53:15,123 [INFO] PluginManager:220 - loadIPPluginJar : add gpio
2025-09-01 23:53:15,125 [INFO] IPUIPlugin:80 - create IPUIPlugin
2025-09-01 23:53:15,126 [INFO] PluginManager:220 - loadIPPluginJar : add gtzc
2025-09-01 23:53:15,130 [INFO] IPUIPlugin:80 - create IPUIPlugin
2025-09-01 23:53:15,130 [INFO] PluginManager:220 - loadIPPluginJar : add hash
2025-09-01 23:53:15,134 [INFO] IPUIPlugin:80 - create IPUIPlugin
2025-09-01 23:53:15,134 [INFO] PluginManager:220 - loadIPPluginJar : add i2c
2025-09-01 23:53:15,138 [INFO] IPUIPlugin:80 - create IPUIPlugin
2025-09-01 23:53:15,138 [INFO] PluginManager:220 - loadIPPluginJar : add i2s
2025-09-01 23:53:15,143 [INFO] IPUIPlugin:80 - create IPUIPlugin
2025-09-01 23:53:15,143 [INFO] PluginManager:220 - loadIPPluginJar : add i3c
2025-09-01 23:53:15,147 [INFO] IPUIPlugin:80 - create IPUIPlugin
2025-09-01 23:53:15,147 [INFO] PluginManager:220 - loadIPPluginJar : add ipddr
2025-09-01 23:53:15,155 [INFO] IPUIPlugin:80 - create IPUIPlugin
2025-09-01 23:53:15,155 [INFO] PluginManager:220 - loadIPPluginJar : add linkedlist
2025-09-01 23:53:15,159 [INFO] IPUIPlugin:80 - create IPUIPlugin
2025-09-01 23:53:15,159 [INFO] PluginManager:220 - loadIPPluginJar : add lorawan
2025-09-01 23:53:15,162 [INFO] IPUIPlugin:80 - create IPUIPlugin
2025-09-01 23:53:15,162 [INFO] PluginManager:220 - loadIPPluginJar : add ltdc
2025-09-01 23:53:15,168 [INFO] IPUIPlugin:80 - create IPUIPlugin
2025-09-01 23:53:15,168 [INFO] PluginManager:220 - loadIPPluginJar : add mdma
2025-09-01 23:53:15,173 [INFO] IPUIPlugin:80 - create IPUIPlugin
2025-09-01 23:53:15,173 [INFO] PluginManager:220 - loadIPPluginJar : add nvic
2025-09-01 23:53:15,178 [INFO] IPUIPlugin:80 - create IPUIPlugin
2025-09-01 23:53:15,178 [INFO] PluginManager:220 - loadIPPluginJar : add opamp
2025-09-01 23:53:15,182 [INFO] IPUIPlugin:80 - create IPUIPlugin
2025-09-01 23:53:15,183 [INFO] PluginManager:220 - loadIPPluginJar : add openamp
2025-09-01 23:53:15,186 [INFO] IPUIPlugin:80 - create IPUIPlugin
2025-09-01 23:53:15,186 [INFO] PluginManager:220 - loadIPPluginJar : add pdm2pcm
2025-09-01 23:53:15,192 [INFO] IPUIPlugin:80 - create IPUIPlugin
2025-09-01 23:53:15,195 [INFO] PluginManager:220 - loadIPPluginJar : add plateformsettings
2025-09-01 23:53:15,197 [INFO] IPUIPlugin:80 - create IPUIPlugin
2025-09-01 23:53:15,197 [INFO] PluginManager:220 - loadIPPluginJar : add quadspi
2025-09-01 23:53:15,200 [INFO] IPUIPlugin:80 - create IPUIPlugin
2025-09-01 23:53:15,200 [INFO] PluginManager:220 - loadIPPluginJar : add radio
2025-09-01 23:53:15,205 [INFO] IPUIPlugin:80 - create IPUIPlugin
2025-09-01 23:53:15,205 [INFO] PluginManager:220 - loadIPPluginJar : add resmgrutility
2025-09-01 23:53:15,208 [INFO] IPUIPlugin:80 - create IPUIPlugin
2025-09-01 23:53:15,208 [INFO] PluginManager:220 - loadIPPluginJar : add sai
2025-09-01 23:53:15,211 [INFO] IPUIPlugin:80 - create IPUIPlugin
2025-09-01 23:53:15,211 [INFO] PluginManager:220 - loadIPPluginJar : add spi
2025-09-01 23:53:15,217 [INFO] IPUIPlugin:80 - create IPUIPlugin
2025-09-01 23:53:15,218 [INFO] PluginManager:220 - loadIPPluginJar : add stm32_wpan
2025-09-01 23:53:15,221 [INFO] IPUIPlugin:80 - create IPUIPlugin
2025-09-01 23:53:15,221 [INFO] PluginManager:220 - loadIPPluginJar : add tim
2025-09-01 23:53:15,225 [INFO] IPUIPlugin:80 - create IPUIPlugin
2025-09-01 23:53:15,225 [INFO] PluginManager:220 - loadIPPluginJar : add touchsensing
2025-09-01 23:53:15,228 [INFO] IPUIPlugin:80 - create IPUIPlugin
2025-09-01 23:53:15,228 [INFO] PluginManager:220 - loadIPPluginJar : add tracer_emb
2025-09-01 23:53:15,230 [INFO] IPUIPlugin:80 - create IPUIPlugin
2025-09-01 23:53:15,230 [INFO] PluginManager:220 - loadIPPluginJar : add ts
2025-09-01 23:53:15,232 [INFO] IPUIPlugin:80 - create IPUIPlugin
2025-09-01 23:53:15,232 [INFO] PluginManager:220 - loadIPPluginJar : add tsc
2025-09-01 23:53:15,233 [INFO] IPUIPlugin:80 - create IPUIPlugin
2025-09-01 23:53:15,233 [INFO] PluginManager:220 - loadIPPluginJar : add ucpd
2025-09-01 23:53:15,237 [INFO] IPUIPlugin:80 - create IPUIPlugin
2025-09-01 23:53:15,237 [INFO] PluginManager:220 - loadIPPluginJar : add usart
2025-09-01 23:53:15,241 [INFO] IPUIPlugin:80 - create IPUIPlugin
2025-09-01 23:53:15,242 [INFO] PluginManager:220 - loadIPPluginJar : add usbx
2025-09-01 23:53:15,360 [FATAL] Updater:351 - Updater called before beeing initialized
2025-09-01 23:53:15,383 [INFO] RulesReader:64 - Compatibility file has been processed (317 Rules)
2025-09-01 23:53:15,400 [INFO] RulesReader:64 - Compatibility file has been processed (317 Rules)
2025-09-01 23:53:15,410 [INFO] CADModel:165 - CPN selected for project level
2025-09-01 23:53:15,410 [INFO] CADModel:114 - Register for checkConnection events
2025-09-01 23:53:15,410 [FATAL] Updater:351 - Updater called before beeing initialized
2025-09-01 23:53:15,410 [ERROR] CADModel:125 - Updater not yet initialized, retry later 
2025-09-01 23:53:15,580 [FATAL] Updater:351 - Updater called before beeing initialized
2025-09-01 23:53:15,583 [INFO] CADModel:165 - CPN selected for project level
2025-09-01 23:53:15,583 [INFO] CADModel:114 - Register for checkConnection events
2025-09-01 23:53:15,584 [FATAL] Updater:351 - Updater called before beeing initialized
2025-09-01 23:53:15,584 [ERROR] CADModel:125 - Updater not yet initialized, retry later 
2025-09-01 23:53:15,587 [FATAL] Updater:351 - Updater called before beeing initialized
2025-09-01 23:53:15,711 [FATAL] Updater:351 - Updater called before beeing initialized
2025-09-01 23:53:15,716 [INFO] DbMcusAds:53 - JSON generation date=Tue Jul 08 10:14:23 CEST 2025 (1751962463582)
2025-09-01 23:53:15,716 [FATAL] Updater:351 - Updater called before beeing initialized
2025-09-01 23:53:15,750 [WARN] DetailPanel:346 - Failed to get advertising image, set to default
2025-09-01 23:53:15,815 [FATAL] Updater:351 - Updater called before beeing initialized
2025-09-01 23:53:15,816 [FATAL] Updater:351 - Updater called before beeing initialized
2025-09-01 23:53:15,816 [FATAL] Updater:351 - Updater called before beeing initialized
2025-09-01 23:53:15,816 [WARN] DetailPanel:346 - Failed to get advertising image, set to default
2025-09-01 23:53:15,817 [FATAL] Updater:351 - Updater called before beeing initialized
2025-09-01 23:53:15,863 [ERROR] Updater:1198 - MainUpdater not yet initialized. External WinMGr cannot be set.
2025-09-01 23:53:15,864 [INFO] Updater:1134 - Updater Version found : 6.15.0
2025-09-01 23:53:15,879 [INFO] ApplicationProperties:184 - Using Application install path: C:\ST\STM32CubeIDE_1.19.0\STM32CubeIDE\plugins\com.st.stm32cube.common.mx_6.15.0.202507011659
2025-09-01 23:53:17,471 [ERROR] LogOutputStream:75 - [STDERR_REDIRECT] Sep 01, 2025 11:53:17 PM java.util.prefs.WindowsPreferences <init>
2025-09-01 23:53:17,472 [ERROR] LogOutputStream:75 - [STDERR_REDIRECT] WARNING: Could not open/create prefs root node Software\JavaSoft\Prefs at root 0xffffffff80000002. Windows RegCreateKeyEx(...) returned error code 5.
2025-09-01 23:53:17,472 [ERROR] LogOutputStream:75 - [STDERR_REDIRECT] 
2025-09-01 23:53:17,494 [INFO] ThirdPartyUpdaterWithRetryManager:70 - Updater plugin not ready yet. [2/15]
2025-09-01 23:53:17,738 [INFO] MainUpdater:2872 - connection check result : 10
2025-09-01 23:53:17,738 [INFO] MainUpdater:3604 - Updater definition file requires update
2025-09-01 23:53:17,738 [INFO] MainUpdater:289 - Updater Check For Update Now.
2025-09-01 23:53:17,739 [INFO] MicroXplorer:498 - Change Database Version : DB.6.0.150
2025-09-01 23:53:17,742 [INFO] McuFinderGlobals:63 - Set McuFinder mode to 2 (CubeIDE integrated)
2025-09-01 23:53:17,742 [INFO] UserAuth:171 - activating auth plugin
2025-09-01 23:53:17,744 [INFO] UserAuth:487 - Internet connection configuration mode: 1
2025-09-01 23:53:17,760 [INFO] JxBrowserEngine:152 - Initiate JxBrowser Engine with user profile folder
2025-09-01 23:53:17,773 [INFO] ServerAccessManage:452 - Complete download http(s) 200
2025-09-01 23:53:17,775 [INFO] ServerAccessManage:509 - Download File updaters.zip
2025-09-01 23:53:17,852 [INFO] FileExtend:248 - Unzip File : updaters.zip
2025-09-01 23:53:17,852 [INFO] FileExtend:263 - Standard Zip Deflate
2025-09-01 23:53:18,060 [INFO] ServerAccessManage:452 - Complete download http(s) 200
2025-09-01 23:53:18,061 [INFO] ServerAccessManage:509 - Download File PacksControlFlags.xml
2025-09-01 23:53:18,121 [INFO] ServerAccessManage:452 - Complete download http(s) 200
2025-09-01 23:53:18,123 [INFO] ServerAccessManage:509 - Download File cubemx.pidx
2025-09-01 23:53:18,213 [INFO] LoadServerUpdatesThread:375 - End of LoadServerUpdate Thread
2025-09-01 23:53:18,366 [INFO] CheckServerUpdateThread:120 - End of CheckServer Thread
2025-09-01 23:53:18,826 [INFO] WebApp:169 - Instantiating new browser for Auth
2025-09-01 23:53:19,429 [INFO] WebApp:463 - Apply proxy settings
2025-09-01 23:53:19,429 [INFO] WebApp:548 - Chromium requires no authentication
2025-09-01 23:53:19,439 [INFO] WebApp:491 - Direct internet connection detected
2025-09-01 23:53:19,458 [INFO] WebApp:900 - Register for checkConnection events
2025-09-01 23:53:19,458 [INFO] WebApp:463 - Apply proxy settings
2025-09-01 23:53:19,458 [INFO] WebApp:548 - Chromium requires no authentication
2025-09-01 23:53:19,458 [INFO] WebApp:491 - Direct internet connection detected
2025-09-01 23:53:19,603 [INFO] WebApp:191 - Connection restablished
2025-09-01 23:53:19,630 [INFO] WebApp:225 - Starting web application
2025-09-01 23:53:19,630 [INFO] WebApp:593 - Web application path used C:\ST\STM32CubeIDE_1.19.0\STM32CubeIDE\plugins\com.st.stm32cube.common.mx_6.15.0.202507011659\db\plugins\mcufinder\reactClient1\index.html
2025-09-01 23:53:20,660 [WARN] PackLoader:240 - Cannot read IP mode file for STMicroelectronics.FP-SNS-MOTENVWB1.1.4.0
2025-09-01 23:53:20,668 [WARN] PackLoader:240 - Cannot read IP mode file for STMicroelectronics.FP-ATR-ASTRA1.2.0.2
2025-09-01 23:53:20,675 [WARN] PackLoader:240 - Cannot read IP mode file for STMicroelectronics.X-CUBE-SMBUS.2.1.0
2025-09-01 23:53:20,681 [WARN] PackLoader:240 - Cannot read IP mode file for STMicroelectronics.X-CUBE-ST60.1.0.0
2025-09-01 23:53:20,700 [WARN] PackLoader:240 - Cannot read IP mode file for STMicroelectronics.X-CUBE-AZRTOS-F7.1.1.0
2025-09-01 23:53:20,712 [WARN] PackLoader:240 - Cannot read IP mode file for WES.I-CUBE-Cesium.1.4.0
2025-09-01 23:53:20,727 [WARN] PackLoader:240 - Cannot read IP mode file for Infineon.AIROC-Wi-Fi-Bluetooth-STM32.1.7.1
2025-09-01 23:53:20,747 [WARN] PackLoader:240 - Cannot read IP mode file for STMicroelectronics.X-CUBE-AZRTOS-H7.3.4.0
2025-09-01 23:53:20,756 [WARN] PackLoader:240 - Cannot read IP mode file for STMicroelectronics.X-CUBE-DISPLAY.3.0.0
2025-09-01 23:53:20,770 [WARN] PackLoader:240 - Cannot read IP mode file for STMicroelectronics.X-CUBE-NFC10.1.0.0
2025-09-01 23:53:20,775 [WARN] PackLoader:240 - Cannot read IP mode file for emotas.I-CUBE-CANOPEN.1.3.0
2025-09-01 23:53:20,782 [WARN] PackLoader:240 - Cannot read IP mode file for STMicroelectronics.FP-SNS-STBOX1.2.1.0
2025-09-01 23:53:20,788 [WARN] PackLoader:240 - Cannot read IP mode file for STMicroelectronics.FP-SNS-SMARTAG2.1.2.0
2025-09-01 23:53:20,791 [WARN] PackLoader:240 - Cannot read IP mode file for STMicroelectronics.FP-SNS-FLIGHT1.5.1.0
2025-09-01 23:53:20,800 [INFO] LogOutputStream:77 - [STDOUT_REDIRECT] 1 : Invalid condition id : UX_CORESTACK_Condition cause : null
2025-09-01 23:53:20,800 [INFO] LogOutputStream:77 - [STDOUT_REDIRECT] 1 : Invalid condition id : UX_CORESTACK_Condition cause : null
2025-09-01 23:53:20,801 [INFO] LogOutputStream:77 - [STDOUT_REDIRECT] 1 : Invalid condition id : UX_CORESTACK_Condition cause : null
2025-09-01 23:53:20,802 [INFO] LogOutputStream:77 - [STDOUT_REDIRECT] 1 : Invalid condition id : UX_CORESTACK_Condition cause : null
2025-09-01 23:53:20,803 [INFO] LogOutputStream:77 - [STDOUT_REDIRECT] 1 : Invalid condition id : UX_CORESTACK_Condition cause : null
2025-09-01 23:53:20,805 [WARN] PackLoader:240 - Cannot read IP mode file for STMicroelectronics.X-CUBE-AZRTOS-WL.2.0.0
2025-09-01 23:53:20,810 [WARN] PackLoader:240 - Cannot read IP mode file for STMicroelectronics.FP-SNS-MOTENV1.5.0.0
2025-09-01 23:53:20,818 [WARN] PackLoader:240 - Cannot read IP mode file for STMicroelectronics.X-CUBE-BLE2.3.3.0
2025-09-01 23:53:20,824 [WARN] PackLoader:240 - Cannot read IP mode file for STMicroelectronics.X-CUBE-NFC9.1.0.0
2025-09-01 23:53:20,829 [WARN] PackLoader:240 - Cannot read IP mode file for wolfSSL.I-CUBE-wolfSSL.5.8.2
2025-09-01 23:53:20,834 [WARN] PackLoader:240 - Cannot read IP mode file for STMicroelectronics.X-CUBE-BLE1.7.1.0
2025-09-01 23:53:20,837 [WARN] PackLoader:240 - Cannot read IP mode file for wolfSSL.I-CUBE-wolfMQTT.1.19.2
2025-09-01 23:53:20,841 [WARN] PackLoader:240 - Cannot read IP mode file for STMicroelectronics.X-CUBE-EEPRMA1.5.2.0
2025-09-01 23:53:20,853 [WARN] PackLoader:240 - Cannot read IP mode file for STMicroelectronics.X-CUBE-AZRTOS-G0.1.1.0
2025-09-01 23:53:20,859 [WARN] PackLoader:240 - Cannot read IP mode file for STMicroelectronics.X-CUBE-SAFEA1.1.2.2
2025-09-01 23:53:20,864 [WARN] PackLoader:240 - Cannot read IP mode file for STMicroelectronics.X-CUBE-NFC4.3.0.0
2025-09-01 23:53:20,872 [WARN] PackLoader:240 - Cannot read IP mode file for EmbeddedOffice.I-CUBE-FS-RTOS.1.0.1
2025-09-01 23:53:20,876 [WARN] PackLoader:240 - Cannot read IP mode file for STMicroelectronics.X-CUBE-WB05N.2.0.0
2025-09-01 23:53:20,881 [WARN] PackLoader:240 - Cannot read IP mode file for wolfSSL.I-CUBE-wolfTPM.3.8.0
2025-09-01 23:53:20,886 [WARN] PackLoader:240 - Cannot read IP mode file for STMicroelectronics.X-CUBE-TCPP.4.2.0
2025-09-01 23:53:20,892 [WARN] PackLoader:240 - Cannot read IP mode file for RealThread.X-CUBE-RT-Thread_Nano.4.1.1
2025-09-01 23:53:20,896 [WARN] PackLoader:240 - Cannot read IP mode file for STMicroelectronics.FP-ATR-SIGFOX1.3.2.0
2025-09-01 23:53:20,900 [WARN] PackLoader:240 - Cannot read IP mode file for ITTIA_DB.I-CUBE-ITTIADB.8.9.0
2025-09-01 23:53:20,906 [WARN] PackLoader:240 - Cannot read IP mode file for STMicroelectronics.X-CUBE-ST67W61.1.0.0
2025-09-01 23:53:20,910 [WARN] PackLoader:240 - Cannot read IP mode file for STMicroelectronics.X-CUBE-AI.10.2.0
2025-09-01 23:53:20,925 [WARN] PackLoader:240 - Cannot read IP mode file for SEGGER.I-CUBE-embOS.1.3.1
2025-09-01 23:53:20,946 [WARN] PackLoader:240 - Cannot read IP mode file for STMicroelectronics.X-CUBE-ALGOBUILD.1.4.0
2025-09-01 23:53:20,968 [WARN] PackLoader:240 - Cannot read IP mode file for STMicroelectronics.X-CUBE-MEMS1.11.3.0
2025-09-01 23:53:21,060 [WARN] PackLoader:240 - Cannot read IP mode file for STMicroelectronics.X-CUBE-PM33A1.1.0.0
2025-09-01 23:53:21,068 [WARN] PackLoader:240 - Cannot read IP mode file for STMicroelectronics.X-CUBE-AZRTOS-F4.1.1.0
2025-09-01 23:53:21,073 [WARN] PackLoader:240 - Cannot read IP mode file for Avnet-IotConnect.X-CUBE-IoTC-DA16k-PMOD.1.0.0
2025-09-01 23:53:21,076 [WARN] PackLoader:240 - Cannot read IP mode file for STMicroelectronics.X-CUBE-ISPU.2.1.0
2025-09-01 23:53:21,081 [WARN] PackLoader:240 - Cannot read IP mode file for STMicroelectronics.X-CUBE-NFC12.1.0.0
2025-09-01 23:53:21,090 [WARN] PackLoader:240 - Cannot read IP mode file for STMicroelectronics.X-CUBE-AZRTOS-L5.2.0.0
2025-09-01 23:53:21,099 [WARN] PackLoader:240 - Cannot read IP mode file for STMicroelectronics.X-CUBE-NFC6.3.1.0
2025-09-01 23:53:21,105 [WARN] PackLoader:240 - Cannot read IP mode file for STMicroelectronics.X-CUBE-FREERTOS.1.3.1
2025-09-01 23:53:21,109 [WARN] PackLoader:240 - Cannot read IP mode file for STMicroelectronics.FP-SNS-STAIOTCFT.1.0.0
2025-09-01 23:53:21,114 [WARN] PackLoader:240 - Cannot read IP mode file for STMicroelectronics.X-CUBE-DPower.1.3.0
2025-09-01 23:53:21,123 [WARN] ConditionMgr:438 - getConditionDescription Invalid condition id : LAN8742 Phy interface Condition cause : null
2025-09-01 23:53:21,124 [WARN] PackLoader:240 - Cannot read IP mode file for STMicroelectronics.X-CUBE-AZRTOS-L4.2.0.0
2025-09-01 23:53:21,124 [WARN] ConditionMgr:1044 - genDependencies : Invalid condition id : LAN8742 Phy interface Condition cause : null
2025-09-01 23:53:21,124 [WARN] ConditionMgr:1044 - genDependencies : Invalid condition id : LAN8742 Phy interface Condition cause : null
2025-09-01 23:53:21,124 [WARN] ConditionMgr:1044 - genDependencies : Invalid condition id : LAN8742 Phy interface Condition cause : null
2025-09-01 23:53:21,130 [WARN] PackLoader:240 - Cannot read IP mode file for STMicroelectronics.X-CUBE-SFXS2LP1.4.0.0
2025-09-01 23:53:21,136 [WARN] PackLoader:240 - Cannot read IP mode file for STMicroelectronics.X-CUBE-BLEMGR.4.1.0
2025-09-01 23:53:21,147 [WARN] ConditionMgr:438 - getConditionDescription Invalid condition id : UX DEVICE CLASS RTOS Condition cause : null
2025-09-01 23:53:21,147 [WARN] ConditionMgr:438 - getConditionDescription Invalid condition id : UX DEVICE CLASS RTOS Condition cause : null
2025-09-01 23:53:21,148 [WARN] PackLoader:240 - Cannot read IP mode file for STMicroelectronics.X-CUBE-AZRTOS-WB.2.0.0
2025-09-01 23:53:21,148 [WARN] ConditionMgr:1044 - genDependencies : Invalid condition id : UX DEVICE CLASS RTOS Condition cause : null
2025-09-01 23:53:21,148 [WARN] ConditionMgr:1044 - genDependencies : Invalid condition id : UX DEVICE CLASS RTOS Condition cause : null
2025-09-01 23:53:21,148 [WARN] ConditionMgr:1044 - genDependencies : Invalid condition id : UX DEVICE CLASS RTOS Condition cause : null
2025-09-01 23:53:21,148 [WARN] ConditionMgr:1044 - genDependencies : Invalid condition id : UX DEVICE CLASS RTOS Condition cause : null
2025-09-01 23:53:21,148 [WARN] ConditionMgr:1044 - genDependencies : Invalid condition id : UX DEVICE CLASS RTOS Condition cause : null
2025-09-01 23:53:21,152 [WARN] PackLoader:240 - Cannot read IP mode file for STMicroelectronics.X-CUBE-GNSS1.7.0.1
2025-09-01 23:53:21,157 [WARN] PackLoader:240 - Cannot read IP mode file for STMicroelectronics.X-CUBE-TOUCHGFX.4.25.0
2025-09-01 23:53:21,161 [WARN] ConditionMgr:438 - getConditionDescription Invalid condition id : Cortex-A Device cause : null
2025-09-01 23:53:21,170 [WARN] ConditionMgr:1044 - genDependencies : Invalid condition id : Cortex-A Device cause : null
2025-09-01 23:53:21,170 [WARN] ConditionMgr:1044 - genDependencies : Invalid condition id : Cortex-A Device cause : null
2025-09-01 23:53:21,170 [WARN] ConditionMgr:1044 - genDependencies : Invalid condition id : Cortex-A Device cause : null
2025-09-01 23:53:21,176 [WARN] PackLoader:240 - Cannot read IP mode file for STMicroelectronics.X-CUBE-SUBG2.5.0.0
2025-09-01 23:53:21,188 [WARN] PackLoader:240 - Cannot read IP mode file for STMicroelectronics.X-CUBE-AZRTOS-H7RS.1.1.0
2025-09-01 23:53:21,192 [WARN] PackLoader:240 - Cannot read IP mode file for Cesanta.I-CUBE-Mongoose.7.13.0
2025-09-01 23:53:21,200 [WARN] PackLoader:240 - Cannot read IP mode file for STMicroelectronics.X-CUBE-AZRTOS-G4.2.0.0
2025-09-01 23:53:21,203 [WARN] PackLoader:240 - Cannot read IP mode file for wolfSSL.I-CUBE-wolfSSH.1.4.20
2025-09-01 23:53:21,208 [WARN] PackLoader:240 - Cannot read IP mode file for STMicroelectronics.X-CUBE-NFC7.2.0.0
2025-09-01 23:53:21,214 [WARN] PackLoader:240 - Cannot read IP mode file for STMicroelectronics.X-CUBE-IPS.3.1.0
2025-09-01 23:53:21,221 [WARN] PackLoader:240 - Cannot read IP mode file for STMicroelectronics.X-CUBE-ALS.1.0.2
2025-09-01 23:53:21,224 [WARN] PackLoader:240 - Cannot read IP mode file for portGmbH.I-Cube-SoM-uGOAL.1.1.0
2025-09-01 23:53:21,231 [WARN] PackLoader:240 - Cannot read IP mode file for STMicroelectronics.X-CUBE-TOF1.3.4.3
2025-09-01 23:53:21,238 [INFO] ThirdParty:978 - Integrity check success = true
2025-09-01 23:53:21,238 [INFO] IntegrityCheckThread:100 - exiting critical section [integrity check]
2025-09-01 23:53:21,238 [INFO] IntegrityCheckThread:103 - End integrity checks thread
